\BOOKMARK [0][-]{chapter.1}{\376\377\006\105\006\102\006\057\006\105\006\107}{}% 1
\BOOKMARK [1][-]{section.1.1}{\376\377\006\176\006\314\006\064\040\014\006\062\006\105\006\314\006\106\006\107}{chapter.1}% 2
\BOOKMARK [1][-]{section.1.2}{\376\377\006\047\006\107\006\057\006\047\006\101\000\040\006\176\006\230\006\110\006\107\006\064}{chapter.1}% 3
\BOOKMARK [1][-]{section.1.3}{\376\377\006\206\006\047\006\104\006\064\040\014\006\107\006\047}{chapter.1}% 4
\BOOKMARK [1][-]{section.1.4}{\376\377\006\057\006\063\006\052\040\014\006\042\006\110\006\061\006\057\006\107\006\047}{chapter.1}% 5
\BOOKMARK [1][-]{section.1.5}{\376\377\006\063\006\047\006\056\006\052\006\047\006\061\000\040\006\176\006\047\006\314\006\047\006\106\040\014\006\106\006\047\006\105\006\107}{chapter.1}% 6
\BOOKMARK [0][-]{chapter.2}{\376\377\006\105\006\101\006\047\006\107\006\314\006\105\000\040\006\047\006\110\006\104\006\314\006\107}{}% 7
\BOOKMARK [1][-]{section.2.1}{\376\377\006\105\006\071\006\105\006\047\006\061\006\314\000\040\006\064\006\050\006\251\006\107}{chapter.2}% 8
\BOOKMARK [2][-]{subsection.2.1.1}{\376\377\006\105\006\055\006\047\006\063\006\050\006\047\006\052\040\014\000\040\006\047\006\050\006\061\006\314}{section.2.1}% 9
\BOOKMARK [2][-]{subsection.2.1.2}{\376\377\006\105\006\055\006\047\006\063\006\050\006\047\006\052\000\040\006\104\006\050\006\107\000\040\006\105\006\052\006\055\006\061\006\251}{section.2.1}% 10
\BOOKMARK [2][-]{subsection.2.1.3}{\376\377\006\047\006\050\006\071\006\047\006\057\000\040\006\105\006\055\006\047\006\063\006\050\006\047\006\052\000\040\006\047\006\050\006\061\006\314\000\040\006\110\000\040\006\105\006\055\006\047\006\063\006\050\006\047\006\052\000\040\006\104\006\050\006\107}{section.2.1}% 11
\BOOKMARK [1][-]{section.2.2}{\376\377\006\050\006\047\006\061\006\063\006\176\006\047\006\061\006\314\000\040\006\105\006\055\006\047\006\063\006\050\006\047\006\052\006\314}{chapter.2}% 12
\BOOKMARK [2][-]{subsection.2.2.1}{\376\377\006\052\006\065\006\105\006\314\006\105\040\014\006\257\006\314\006\061\006\314\000\040\006\057\006\061\000\040\006\105\006\110\006\061\006\057\000\040\006\050\006\047\006\061\006\063\006\176\006\047\006\061\006\314\000\040\006\105\006\055\006\047\006\063\006\050\006\047\006\052\000\040\006\050\006\107\000\040\006\257\006\061\006\107\040\014\000\040\006\104\006\050\006\107}{section.2.2}% 13
\BOOKMARK [1][-]{section.2.3}{\376\377\006\105\006\057\006\314\006\061\006\314\006\052\000\040\006\105\006\106\006\047\006\050\006\071}{chapter.2}% 14
\BOOKMARK [2][-]{subsection.2.3.1}{\376\377\006\052\006\056\006\105\006\314\006\106\000\040\006\105\006\106\006\047\006\050\006\071}{section.2.3}% 15
\BOOKMARK [2][-]{subsection.2.3.2}{\376\377\006\251\006\064\006\101\000\040\006\105\006\106\006\047\006\050\006\071}{section.2.3}% 16
\BOOKMARK [2][-]{subsection.2.3.3}{\376\377\006\052\006\056\006\065\006\314\006\065\000\040\006\105\006\106\006\047\006\050\006\071}{section.2.3}% 17
\BOOKMARK [2][-]{subsection.2.3.4}{\376\377\006\047\006\064\006\052\006\061\006\047\006\251\040\014\006\257\006\060\006\047\006\061\006\314\000\040\006\105\006\106\006\047\006\050\006\071}{section.2.3}% 18
\BOOKMARK [2][-]{subsection.2.3.5}{\376\377\006\050\006\107\006\314\006\106\006\107\040\014\006\063\006\047\006\062\006\314\000\040\006\105\006\106\006\047\006\050\006\071}{section.2.3}% 19
\BOOKMARK [1][-]{section.2.4}{\376\377\006\101\006\061\006\047\006\314\006\106\006\057\000\040\006\052\006\065\006\105\006\314\006\105\040\014\006\257\006\314\006\061\006\314\000\040\006\105\006\047\006\061\006\251\006\110\006\101}{chapter.2}% 20
\BOOKMARK [1][-]{section.2.5}{\376\377\006\052\006\071\006\061\006\314\006\101\000\040\006\101\006\061\006\047\006\314\006\106\006\057\000\040\006\052\006\065\006\105\006\314\006\105\040\014\006\257\006\314\006\061\006\314\000\040\006\105\006\047\006\061\006\251\006\110\006\101}{chapter.2}% 21
\BOOKMARK [1][-]{section.2.6}{\376\377\006\314\006\047\006\057\006\257\006\314\006\061\006\314\000\040\006\052\006\102\006\110\006\314\006\052\006\314}{chapter.2}% 22
\BOOKMARK [1][-]{section.2.7}{\376\377\006\047\006\054\006\062\006\047\000\040\006\105\006\063\006\046\006\104\006\107\000\040\006\314\006\047\006\057\006\257\006\314\006\061\006\314\000\040\006\052\006\102\006\110\006\314\006\052\006\314}{chapter.2}% 23
\BOOKMARK [2][-]{subsection.2.7.1}{\376\377\006\063\006\314\006\257\006\106\006\047\006\104\000\040\006\047\006\105\006\052\006\314\006\047\006\062}{section.2.7}% 24
\BOOKMARK [2][-]{subsection.2.7.2}{\376\377\006\071\006\047\006\105\006\104\000\040\006\110\000\040\006\105\006\055\006\314\006\067}{section.2.7}% 25
\BOOKMARK [2][-]{subsection.2.7.3}{\376\377\006\055\006\047\006\104\006\047\006\052\000\040\006\110\000\040\006\052\006\047\006\061\006\314\006\056\006\206\006\107}{section.2.7}% 26
\BOOKMARK [2][-]{subsection.2.7.4}{\376\377\006\052\006\110\006\047\006\050\006\071\000\040\006\047\006\061\006\062\006\064\000\040\006\110\000\040\006\105\006\071\006\047\006\057\006\104\006\107\000\040\006\050\006\104\006\105\006\106}{section.2.7}% 27
\BOOKMARK [1][-]{section.2.8}{\376\377\006\050\006\107\006\061\006\107\040\014\006\050\006\061\006\057\006\047\006\061\006\314\000\040\006\110\000\040\006\047\006\251\006\052\006\064\006\047\006\101}{chapter.2}% 28
\BOOKMARK [1][-]{section.2.9}{\376\377\006\061\006\110\006\064\040\014\006\107\006\047\006\314\000\040\006\176\006\047\006\063\006\056\000\040\006\050\006\107\000\040\006\105\006\063\006\047\006\046\006\104\000\040\006\314\006\047\006\057\006\257\006\314\006\061\006\314\000\040\006\052\006\102\006\110\006\314\006\052\006\314}{chapter.2}% 29
\BOOKMARK [2][-]{subsection.2.9.1}{\376\377\006\061\006\110\006\064\000\040\006\052\006\251\006\061\006\047\006\061\006\064\006\110\006\106\006\057\006\107\000\040\006\047\006\061\006\062\006\064}{section.2.9}% 30
\BOOKMARK [2][-]{subsection.2.9.2}{\376\377\006\061\006\110\006\064\000\040\006\052\006\251\006\061\006\047\006\061\006\064\006\110\006\106\006\057\006\107\000\040\006\063\006\314\006\047\006\063\006\052}{section.2.9}% 31
\BOOKMARK [1][-]{section.2.10}{\376\377\006\052\006\102\006\061\006\314\006\050\000\040\006\052\006\110\006\047\006\050\006\071}{chapter.2}% 32
\BOOKMARK [1][-]{section.2.11}{\376\377\006\064\006\050\006\251\006\107\040\014\006\107\006\047\006\314\000\040\006\071\006\065\006\050\006\314\000\040\006\071\006\105\006\314\006\102}{chapter.2}% 33
\BOOKMARK [1][-]{section.2.12}{\376\377\006\105\006\057\006\104\000\040\006\105\006\055\006\314\006\067\000\040\006\057\006\061\000\040\006\061\006\110\006\064\040\014\006\107\006\047\006\314\000\040\006\105\006\050\006\052\006\106\006\314\000\040\006\050\006\061\000\040\006\314\006\047\006\057\006\257\006\314\006\061\006\314\000\040\006\052\006\102\006\110\006\314\006\052\006\314}{chapter.2}% 34
\BOOKMARK [1][-]{section.2.13}{\376\377\006\054\006\105\006\071\040\014\006\050\006\106\006\057\006\314\000\040\006\110\000\040\006\106\006\052\006\314\006\054\006\107\040\014\006\257\006\314\006\061\006\314}{chapter.2}% 35
\BOOKMARK [0][-]{chapter.3}{\376\377\006\176\006\230\006\110\006\107\006\064\040\014\006\107\006\047\006\314\000\040\006\105\006\061\006\052\006\050\006\067\000\040\006\176\006\314\006\064\006\314\006\106}{}% 36
\BOOKMARK [1][-]{section.3.1}{\376\377\006\105\006\102\006\057\006\105\006\107}{chapter.3}% 37
\BOOKMARK [1][-]{section.3.2}{\376\377\006\176\006\230\006\110\006\107\006\064\040\014\006\107\006\047\006\314\000\040\006\176\006\314\006\064\006\314\006\106}{chapter.3}% 38
\BOOKMARK [0][-]{chapter.4}{\376\377\006\052\006\071\006\061\006\314\006\101\000\040\006\105\006\063\006\046\006\104\006\107}{}% 39
\BOOKMARK [1][-]{section.4.1}{\376\377\006\105\006\057\006\104\000\040\006\063\006\314\006\063\006\052\006\105}{chapter.4}% 40
\BOOKMARK [1][-]{section.4.2}{\376\377\006\105\006\057\006\104\000\040\006\110\006\070\006\314\006\101\006\107}{chapter.4}% 41
\BOOKMARK [1][-]{section.4.3}{\376\377\006\052\006\065\006\105\006\314\006\105\040\014\006\257\006\314\006\061\006\314\000\040\006\050\006\047\006\061\006\063\006\176\006\047\006\061\006\314\000\040\006\110\006\070\006\314\006\101\006\107}{chapter.4}% 42
\BOOKMARK [1][-]{section.4.4}{\376\377\006\105\006\057\006\104\000\040\006\047\006\061\006\052\006\050\006\047\006\067\006\314}{chapter.4}% 43
\BOOKMARK [1][-]{section.4.5}{\376\377\006\105\006\057\006\104\000\040\006\105\006\055\006\047\006\063\006\050\006\047\006\052\006\314}{chapter.4}% 44
\BOOKMARK [2][-]{subsection.4.5.1}{\376\377\006\105\006\055\006\047\006\063\006\050\006\047\006\052\000\040\006\105\006\055\006\104\006\314}{section.4.5}% 45
\BOOKMARK [2][-]{subsection.4.5.2}{\376\377\006\105\006\055\006\047\006\063\006\050\006\047\006\052\000\040\006\057\006\061\000\040\006\104\006\050\006\107}{section.4.5}% 46
\BOOKMARK [2][-]{subsection.4.5.3}{\376\377\006\176\006\061\006\057\006\047\006\062\006\064\000\040\006\110\000\040\006\047\006\106\006\102\006\066\006\047\000\040\006\110\006\070\006\314\006\101\006\107}{section.4.5}% 47
\BOOKMARK [0][-]{chapter.5}{\376\377\006\105\006\063\006\046\006\104\006\107\000\040\006\050\006\047\006\061\006\063\006\176\006\047\006\061\006\314\000\040\006\110\006\070\006\314\006\101\006\107\000\040\006\105\006\050\006\052\006\106\006\314\000\040\006\050\006\061\000\040\006\314\006\047\006\057\006\257\006\314\006\061\006\314\000\040\006\052\006\102\006\110\006\314\006\052\006\314\000\040\006\071\006\105\006\314\006\102}{}% 48
\BOOKMARK [1][-]{section.5.1}{\376\377\006\050\006\314\006\047\006\106\000\040\006\105\006\063\006\046\006\104\006\107\000\040\006\050\006\047\000\040\006\314\006\047\006\057\006\257\006\314\006\061\006\314\000\040\006\052\006\102\006\110\006\314\006\052\006\314\000\040\006\071\006\105\006\314\006\102}{chapter.5}% 49
\BOOKMARK [2][-]{subsection.5.1.1}{\376\377\006\055\006\047\006\104\006\052}{section.5.1}% 50
\BOOKMARK [2][-]{subsection.5.1.2}{\376\377\006\071\006\105\006\104}{section.5.1}% 51
\BOOKMARK [2][-]{subsection.5.1.3}{\376\377\006\107\006\062\006\314\006\106\006\107}{section.5.1}% 52
\BOOKMARK [1][-]{section.5.2}{\376\377\006\063\006\314\006\047\006\063\006\052\000\040\006\050\006\107\006\314\006\106\006\107}{chapter.5}% 53
\BOOKMARK [1][-]{section.5.3}{\376\377\006\047\006\104\006\257\006\110\006\061\006\314\006\052\006\105\000\040\006\050\006\047\006\061\006\063\006\176\006\047\006\061\006\314\000\040\006\110\006\070\006\314\006\101\006\107\000\040\006\105\006\050\006\052\006\106\006\314\000\040\006\050\006\061\000\040\006\314\006\047\006\057\006\257\006\314\006\061\006\314\000\040\006\052\006\102\006\110\006\314\006\052\006\314\000\040\006\071\006\105\006\314\006\102}{chapter.5}% 54
\BOOKMARK [1][-]{section.5.4}{\376\377\006\064\006\050\006\251\006\107\000\040\006\071\006\065\006\050\006\314}{chapter.5}% 55
\BOOKMARK [1][-]{section.5.5}{\376\377\006\104\006\047\006\314\006\107\000\040\006\110\006\061\006\110\006\057\006\314}{chapter.5}% 56
\BOOKMARK [1][-]{section.5.6}{\376\377\006\104\006\047\006\314\006\107\000\040\006\055\006\047\006\101\006\070\006\107\000\040\006\251\006\110\006\052\006\047\006\107\040\014\006\105\006\057\006\052\000\040\006\105\006\047\006\106\006\057\006\257\006\047\006\061}{chapter.5}% 57
\BOOKMARK [1][-]{section.5.7}{\376\377\006\104\006\047\006\314\006\107\040\014\006\107\006\047\006\314\000\040\006\251\006\047\006\105\006\104\006\047\000\040\006\105\006\052\006\065\006\104}{chapter.5}% 58
\BOOKMARK [1][-]{section.5.8}{\376\377\006\104\006\047\006\314\006\107\000\040\006\047\006\061\006\062\006\064\006\014\000\040\006\047\006\105\006\052\006\314\006\047\006\062\000-\006\071\006\105\006\104\000\040\006\110\000\040\006\104\006\047\006\314\006\107\000\040\006\056\006\061\006\110\006\054\006\314}{chapter.5}% 59
\BOOKMARK [1][-]{section.5.9}{\376\377\006\047\006\104\006\257\006\110\006\061\006\314\006\052\006\105\000\040\006\105\006\050\006\052\006\106\006\314\000\040\006\050\006\061\000\040\006\314\006\047\006\057\006\257\006\314\006\061\006\314\000\040\006\052\006\102\006\110\006\314\006\052\006\314\000\040\006\071\006\105\006\314\006\102}{chapter.5}% 60
\BOOKMARK [2][-]{subsection.5.9.1}{\376\377\006\047\006\104\006\257\006\110\006\061\006\314\006\052\006\105\000\040\006\047\006\054\006\061\006\047\006\314\006\314\000\040\006\057\006\061\000\040\006\057\006\063\006\052\006\257\006\047\006\107\000\040\006\052\006\104\006\101\006\106\000\040\006\107\006\105\006\061\006\047\006\107}{section.5.9}% 61
\BOOKMARK [2][-]{subsection.5.9.2}{\376\377\006\047\006\104\006\257\006\110\006\061\006\314\006\052\006\105\000\040\006\047\006\054\006\061\006\047\006\314\006\314\000\040\006\057\006\061\000\040\006\257\006\061\006\107\000\040\006\104\006\050\006\107}{section.5.9}% 62
\BOOKMARK [0][-]{chapter.6}{\376\377\006\106\006\052\006\047\006\314\006\054}{}% 63
\BOOKMARK [1][-]{section.6.1}{\376\377\006\064\006\050\006\314\006\107\040\014\006\063\006\047\006\062\006\314}{chapter.6}% 64
\BOOKMARK [1][-]{section.6.2}{\376\377\006\047\006\061\006\062\006\314\006\047\006\050\006\314\000\040\006\071\006\105\006\104\006\251\006\061\006\057}{chapter.6}% 65
\BOOKMARK [1][-]{section.6.3}{\376\377\006\105\006\102\006\047\006\314\006\063\006\107\000\040\006\106\006\052\006\047\006\314\006\054}{chapter.6}% 66
\BOOKMARK [0][-]{chapter.7}{\376\377\006\106\006\052\006\314\006\054\006\107\040\014\006\257\006\314\006\061\006\314}{}% 67
