This is XeTeX, Version 3.141592653-2.6-0.999993 (TeX Live 2021) (preloaded format=xelatex 2021.11.28)  6 AUG 2023 18:54
entering extended mode
 restricted \write18 enabled.
 %&-line parsing enabled.
**thesis.tex
(./thesis.tex
LaTeX2e <2020-10-01> patch level 4
L3 programming layer <2021-02-18>
(/usr/local/texlive/2021/texmf-dist/tex/latex/base/book.cls
Document Class: book 2020/04/10 v1.4m Standard LaTeX document class
(/usr/local/texlive/2021/texmf-dist/tex/latex/base/bk12.clo
File: bk12.clo 2020/04/10 v1.4m Standard LaTeX file (size option)
)
\c@part=\count175
\c@chapter=\count176
\c@section=\count177
\c@subsection=\count178
\c@subsubsection=\count179
\c@paragraph=\count180
\c@subparagraph=\count181
\c@figure=\count182
\c@table=\count183
\abovecaptionskip=\skip47
\belowcaptionskip=\skip48
\bibindent=\dimen138
)
(/usr/local/texlive/2021/texmf-dist/tex/latex/doublestroke/dsfont.sty
Package: dsfont 1995/08/01 v0.1 Double stroke roman fonts
)
(./styles/common.tex
(/usr/local/texlive/2021/texmf-dist/tex/latex/amsfonts/amssymb.sty
Package: amssymb 2013/01/14 v3.01 AMS font symbols

(/usr/local/texlive/2021/texmf-dist/tex/latex/amsfonts/amsfonts.sty
Package: amsfonts 2013/01/14 v3.01 Basic AMSFonts support
\@emptytoks=\toks15
\symAMSa=\mathgroup4
\symAMSb=\mathgroup5
LaTeX Font Info:    Redeclaring math symbol \hbar on input line 98.
LaTeX Font Info:    Overwriting math alphabet `\mathfrak' in version `bold'
(Font)                  U/euf/m/n --> U/euf/b/n on input line 106.
))
(/usr/local/texlive/2021/texmf-dist/tex/latex/amsmath/amsmath.sty
Package: amsmath 2020/09/23 v2.17i AMS math features
\@mathmargin=\skip49

For additional information on amsmath, use the `?' option.
(/usr/local/texlive/2021/texmf-dist/tex/latex/amsmath/amstext.sty
Package: amstext 2000/06/29 v2.01 AMS text

(/usr/local/texlive/2021/texmf-dist/tex/latex/amsmath/amsgen.sty
File: amsgen.sty 1999/11/30 v2.0 generic functions
\@emptytoks=\toks16
\ex@=\dimen139
))
(/usr/local/texlive/2021/texmf-dist/tex/latex/amsmath/amsbsy.sty
Package: amsbsy 1999/11/29 v1.2d Bold Symbols
\pmbraise@=\dimen140
)
(/usr/local/texlive/2021/texmf-dist/tex/latex/amsmath/amsopn.sty
Package: amsopn 2016/03/08 v2.02 operator names
)
\inf@bad=\count184
LaTeX Info: Redefining \frac on input line 234.
\uproot@=\count185
\leftroot@=\count186
LaTeX Info: Redefining \overline on input line 399.
\classnum@=\count187
\DOTSCASE@=\count188
LaTeX Info: Redefining \ldots on input line 496.
LaTeX Info: Redefining \dots on input line 499.
LaTeX Info: Redefining \cdots on input line 620.
\Mathstrutbox@=\box47
\strutbox@=\box48
\big@size=\dimen141
LaTeX Font Info:    Redeclaring font encoding OML on input line 743.
LaTeX Font Info:    Redeclaring font encoding OMS on input line 744.
\macc@depth=\count189
\c@MaxMatrixCols=\count190
\dotsspace@=\muskip16
\c@parentequation=\count191
\dspbrk@lvl=\count192
\tag@help=\toks17
\row@=\count193
\column@=\count194
\maxfields@=\count195
\andhelp@=\toks18
\eqnshift@=\dimen142
\alignsep@=\dimen143
\tagshift@=\dimen144
\tagwidth@=\dimen145
\totwidth@=\dimen146
\lineht@=\dimen147
\@envbody=\toks19
\multlinegap=\skip50
\multlinetaggap=\skip51
\mathdisplay@stack=\toks20
LaTeX Info: Redefining \[ on input line 2923.
LaTeX Info: Redefining \] on input line 2924.
)
(/usr/local/texlive/2021/texmf-dist/tex/latex/hyperref/hyperref.sty
Package: hyperref 2021-02-27 v7.00k Hypertext links for LaTeX

(/usr/local/texlive/2021/texmf-dist/tex/generic/ltxcmds/ltxcmds.sty
Package: ltxcmds 2020-05-10 v1.25 LaTeX kernel commands for general use (HO)
)
(/usr/local/texlive/2021/texmf-dist/tex/generic/iftex/iftex.sty
Package: iftex 2020/03/06 v1.0d TeX engine tests
)
(/usr/local/texlive/2021/texmf-dist/tex/generic/pdftexcmds/pdftexcmds.sty
Package: pdftexcmds 2020-06-27 v0.33 Utility functions of pdfTeX for LuaTeX (HO
)

(/usr/local/texlive/2021/texmf-dist/tex/generic/infwarerr/infwarerr.sty
Package: infwarerr 2019/12/03 v1.5 Providing info/warning/error messages (HO)
)
Package pdftexcmds Info: \pdf@primitive is available.
Package pdftexcmds Info: \pdf@ifprimitive is available.
Package pdftexcmds Info: \pdfdraftmode not found.
)
(/usr/local/texlive/2021/texmf-dist/tex/latex/graphics/keyval.sty
Package: keyval 2014/10/28 v1.15 key=value parser (DPC)
\KV@toks@=\toks21
)
(/usr/local/texlive/2021/texmf-dist/tex/generic/kvsetkeys/kvsetkeys.sty
Package: kvsetkeys 2019/12/15 v1.18 Key value parser (HO)
)
(/usr/local/texlive/2021/texmf-dist/tex/generic/kvdefinekeys/kvdefinekeys.sty
Package: kvdefinekeys 2019-12-19 v1.6 Define keys (HO)
)
(/usr/local/texlive/2021/texmf-dist/tex/generic/pdfescape/pdfescape.sty
Package: pdfescape 2019/12/09 v1.15 Implements pdfTeX's escape features (HO)
)
(/usr/local/texlive/2021/texmf-dist/tex/latex/hycolor/hycolor.sty
Package: hycolor 2020-01-27 v1.10 Color options for hyperref/bookmark (HO)
)
(/usr/local/texlive/2021/texmf-dist/tex/latex/letltxmacro/letltxmacro.sty
Package: letltxmacro 2019/12/03 v1.6 Let assignment for LaTeX macros (HO)
)
(/usr/local/texlive/2021/texmf-dist/tex/latex/auxhook/auxhook.sty
Package: auxhook 2019-12-17 v1.6 Hooks for auxiliary files (HO)
)
(/usr/local/texlive/2021/texmf-dist/tex/latex/kvoptions/kvoptions.sty
Package: kvoptions 2020-10-07 v3.14 Key value format for package options (HO)
)
\@linkdim=\dimen148
\Hy@linkcounter=\count196
\Hy@pagecounter=\count197

(/usr/local/texlive/2021/texmf-dist/tex/latex/hyperref/pd1enc.def
File: pd1enc.def 2021-02-27 v7.00k Hyperref: PDFDocEncoding definition (HO)
)
(/usr/local/texlive/2021/texmf-dist/tex/latex/hyperref/hyperref-langpatches.def
File: hyperref-langpatches.def 2021-02-27 v7.00k Hyperref: patches for babel la
nguages
) (/usr/local/texlive/2021/texmf-dist/tex/generic/intcalc/intcalc.sty
Package: intcalc 2019/12/15 v1.3 Expandable calculations with integers (HO)
)
(/usr/local/texlive/2021/texmf-dist/tex/generic/etexcmds/etexcmds.sty
Package: etexcmds 2019/12/15 v1.7 Avoid name clashes with e-TeX commands (HO)
)
\Hy@SavedSpaceFactor=\count198

(/usr/local/texlive/2021/texmf-dist/tex/latex/hyperref/puenc.def
File: puenc.def 2021-02-27 v7.00k Hyperref: PDF Unicode definition (HO)
)
Package hyperref Info: Option `colorlinks' set `true' on input line 4073.
Package hyperref Info: Hyper figures OFF on input line 4192.
Package hyperref Info: Link nesting OFF on input line 4197.
Package hyperref Info: Hyper index ON on input line 4200.
Package hyperref Info: Plain pages OFF on input line 4207.
Package hyperref Info: Backreferencing OFF on input line 4212.
Package hyperref Info: Implicit mode ON; LaTeX internals redefined.
Package hyperref Info: Bookmarks ON on input line 4445.
\c@Hy@tempcnt=\count199

(/usr/local/texlive/2021/texmf-dist/tex/latex/url/url.sty
\Urlmuskip=\muskip17
Package: url 2013/09/16  ver 3.4  Verb mode for urls, etc.
)
LaTeX Info: Redefining \url on input line 4804.
\XeTeXLinkMargin=\dimen149

(/usr/local/texlive/2021/texmf-dist/tex/generic/bitset/bitset.sty
Package: bitset 2019/12/09 v1.3 Handle bit-vector datatype (HO)

(/usr/local/texlive/2021/texmf-dist/tex/generic/bigintcalc/bigintcalc.sty
Package: bigintcalc 2019/12/15 v1.5 Expandable calculations on big integers (HO
)
))
\Fld@menulength=\count266
\Field@Width=\dimen150
\Fld@charsize=\dimen151
Package hyperref Info: Hyper figures OFF on input line 6075.
Package hyperref Info: Link nesting OFF on input line 6080.
Package hyperref Info: Hyper index ON on input line 6083.
Package hyperref Info: backreferencing OFF on input line 6090.
Package hyperref Info: Link coloring ON on input line 6093.
Package hyperref Info: Link coloring with OCG OFF on input line 6100.
Package hyperref Info: PDF/A mode OFF on input line 6105.
LaTeX Info: Redefining \ref on input line 6145.
LaTeX Info: Redefining \pageref on input line 6149.

(/usr/local/texlive/2021/texmf-dist/tex/latex/base/atbegshi-ltx.sty
Package: atbegshi-ltx 2020/08/17 v1.0a Emulation of the original atbegshi packa
ge
with kernel methods
)
\Hy@abspage=\count267
\c@Item=\count268
\c@Hfootnote=\count269
)
Package hyperref Info: Driver (autodetected): hxetex.

(/usr/local/texlive/2021/texmf-dist/tex/latex/hyperref/hxetex.def
File: hxetex.def 2021-02-27 v7.00k Hyperref driver for XeTeX

(/usr/local/texlive/2021/texmf-dist/tex/generic/stringenc/stringenc.sty
Package: stringenc 2019/11/29 v1.12 Convert strings between diff. encodings (HO
)
)
\pdfm@box=\box49
\c@Hy@AnnotLevel=\count270
\HyField@AnnotCount=\count271
\Fld@listcount=\count272
\c@bookmark@seq@number=\count273

(/usr/local/texlive/2021/texmf-dist/tex/latex/rerunfilecheck/rerunfilecheck.sty
Package: rerunfilecheck 2019/12/05 v1.9 Rerun checks for auxiliary files (HO)
(/usr/local/texlive/2021/texmf-dist/tex/latex/base/atveryend-ltx.sty
Package: atveryend-ltx 2020/08/19 v1.0a Emulation of the original atvery packag
e
with kernel methods
)
(/usr/local/texlive/2021/texmf-dist/tex/generic/uniquecounter/uniquecounter.sty
Package: uniquecounter 2019/12/15 v1.4 Provide unlimited unique counter (HO)
)
Package uniquecounter Info: New unique counter `rerunfilecheck' on input line 2
86.
)
\Hy@SectionHShift=\skip52
) (/usr/local/texlive/2021/texmf-dist/tex/latex/pstricks/pstricks.sty
Package: pstricks 2020/06/11 v0.70 LaTeX wrapper for `PSTricks' (RN,HV)

(/usr/local/texlive/2021/texmf-dist/tex/latex/xcolor/xcolor.sty
Package: xcolor 2016/05/11 v2.12 LaTeX color extensions (UK)

(/usr/local/texlive/2021/texmf-dist/tex/latex/graphics-cfg/color.cfg
File: color.cfg 2016/01/02 v1.6 sample color configuration
)
Package xcolor Info: Package option `usenames' ignored on input line 216.
Package xcolor Info: Driver file: xetex.def on input line 225.

(/usr/local/texlive/2021/texmf-dist/tex/latex/graphics-def/xetex.def
File: xetex.def 2021/03/18 v5.0k Graphics/color driver for xetex
)
Package xcolor Info: Model `cmy' substituted by `cmy0' on input line 1348.
Package xcolor Info: Model `RGB' extended on input line 1364.
Package xcolor Info: Model `HTML' substituted by `rgb' on input line 1366.
Package xcolor Info: Model `Hsb' substituted by `hsb' on input line 1367.
Package xcolor Info: Model `tHsb' substituted by `hsb' on input line 1368.
Package xcolor Info: Model `HSB' substituted by `hsb' on input line 1369.
Package xcolor Info: Model `Gray' substituted by `gray' on input line 1370.
Package xcolor Info: Model `wave' substituted by `hsb' on input line 1371.

(/usr/local/texlive/2021/texmf-dist/tex/latex/graphics/dvipsnam.def
File: dvipsnam.def 2016/06/17 v3.0m Driver-dependent file (DPC,SPQR)
))
(/usr/local/texlive/2021/texmf-dist/tex/generic/xkeyval/pst-xkey.tex
File: pst-xkey.tex 2005/11/25 v1.6 PSTricks specialization of xkeyval (HA)

(/usr/local/texlive/2021/texmf-dist/tex/latex/xkeyval/xkeyval.sty
Package: xkeyval 2020/11/20 v2.8 package option processing (HA)

(/usr/local/texlive/2021/texmf-dist/tex/generic/xkeyval/xkeyval.tex
(/usr/local/texlive/2021/texmf-dist/tex/generic/xkeyval/xkvutils.tex
\XKV@toks=\toks22
\XKV@tempa@toks=\toks23
)
\XKV@depth=\count274
File: xkeyval.tex 2014/12/03 v2.7a key=value parser (HA)
)))
(/usr/local/texlive/2021/texmf-dist/tex/generic/pstricks/pstricks.tex
(/usr/local/texlive/2021/texmf-dist/tex/generic/pstricks/pst-fp.tex
`pst-fp' v0.05, 2010/01/17 (hv)
\pstFP@xs=\count275
\pstFP@xia=\count276
\pstFP@xib=\count277
\pstFP@xfa=\count278
\pstFP@xfb=\count279
\pstFP@rega=\count280
\pstFP@regb=\count281
\pstFP@regs=\count282
\pstFP@times=\count283
)
(/usr/local/texlive/2021/texmf-dist/tex/generic/pgf/utilities/pgfutil-common.te
x
\pgfutil@everybye=\toks24
\pgfutil@tempdima=\dimen152
\pgfutil@tempdimb=\dimen153

(/usr/local/texlive/2021/texmf-dist/tex/generic/pgf/utilities/pgfutil-common-li
sts.tex))
(/usr/local/texlive/2021/texmf-dist/tex/generic/pgf/utilities/pgfkeys.code.tex
\pgfkeys@pathtoks=\toks25
\pgfkeys@temptoks=\toks26

(/usr/local/texlive/2021/texmf-dist/tex/generic/pgf/utilities/pgfkeysfiltered.c
ode.tex
\pgfkeys@tmptoks=\toks27
))
(/usr/local/texlive/2021/texmf-dist/tex/generic/pgf/utilities/pgffor.code.tex
Loading pgffor.code.tex
(/usr/local/texlive/2021/texmf-dist/tex/generic/pgf/math/pgfmath.code.tex
(/usr/local/texlive/2021/texmf-dist/tex/generic/pgf/math/pgfmathcalc.code.tex
(/usr/local/texlive/2021/texmf-dist/tex/generic/pgf/math/pgfmathutil.code.tex
\pgf@x=\dimen154
\pgf@xa=\dimen155
\pgf@xb=\dimen156
\pgf@xc=\dimen157
\pgf@y=\dimen158
\pgf@ya=\dimen159
\pgf@yb=\dimen160
\pgf@yc=\dimen161
\c@pgf@counta=\count284
\c@pgf@countb=\count285
\c@pgf@countc=\count286
\c@pgf@countd=\count287
\pgfutil@tempcnta=\count288
\pgfutil@tempcntb=\count289
)
(/usr/local/texlive/2021/texmf-dist/tex/generic/pgf/math/pgfmathparser.code.tex
\pgfmath@dimen=\dimen162
\pgfmath@count=\count290
\pgfmath@box=\box50
\pgfmath@toks=\toks28
\pgfmath@stack@operand=\toks29
\pgfmath@stack@operation=\toks30
)
(/usr/local/texlive/2021/texmf-dist/tex/generic/pgf/math/pgfmathfunctions.code.
tex
(/usr/local/texlive/2021/texmf-dist/tex/generic/pgf/math/pgfmathfunctions.basic
.code.tex)
(/usr/local/texlive/2021/texmf-dist/tex/generic/pgf/math/pgfmathfunctions.trigo
nometric.code.tex)
(/usr/local/texlive/2021/texmf-dist/tex/generic/pgf/math/pgfmathfunctions.rando
m.code.tex)
(/usr/local/texlive/2021/texmf-dist/tex/generic/pgf/math/pgfmathfunctions.compa
rison.code.tex)
(/usr/local/texlive/2021/texmf-dist/tex/generic/pgf/math/pgfmathfunctions.base.
code.tex)
(/usr/local/texlive/2021/texmf-dist/tex/generic/pgf/math/pgfmathfunctions.round
.code.tex)
(/usr/local/texlive/2021/texmf-dist/tex/generic/pgf/math/pgfmathfunctions.misc.
code.tex)
(/usr/local/texlive/2021/texmf-dist/tex/generic/pgf/math/pgfmathfunctions.integ
erarithmetics.code.tex)))
(/usr/local/texlive/2021/texmf-dist/tex/generic/pgf/math/pgfmathfloat.code.tex
\c@pgfmathroundto@lastzeros=\count291
))
\pgffor@iter=\dimen163
\pgffor@skip=\dimen164
\pgffor@stack=\toks31
\pgffor@toks=\toks32
)
\psLoopIndex=\count292

`PSTricks' v3.01  <2020/09/18> (tvz,hv)
\pst@dima=\dimen165
\pst@dimb=\dimen166
\pst@dimc=\dimen167
\pst@dimd=\dimen168
\pst@dimg=\dimen169
\pst@dimh=\dimen170
\pst@dimm=\dimen171
\pst@dimn=\dimen172
\pst@dimo=\dimen173
\pst@dimp=\dimen174
\pst@hbox=\box51
\pst@ibox=\box52
\pst@boxg=\box53
\pst@cnta=\count293
\pst@cntb=\count294
\pst@cntc=\count295
\pst@cntd=\count296
\pst@cntg=\count297
\pst@cnth=\count298
\pst@cntm=\count299
\pst@cntn=\count300
\pst@cnto=\count301
\pst@cntp=\count302
\@zero=\count303
\pst@toks=\toks33
(/usr/local/texlive/2021/texmf-dist/tex/xelatex/xetex-pstricks/pstricks.con
(/usr/local/texlive/2021/texmf-dist/tex/generic/pstricks/config/xdvipdfmx.cfg))
\psunit=\dimen175
\psxunit=\dimen176
\psyunit=\dimen177
\pst@C@@rType=\count304
\pslinewidth=\dimen178
\psk@startLW=\dimen179
\psk@endLW=\dimen180
\pst@customdefs=\toks34
\pslinearc=\dimen181
\pst@symbolStep=\dimen182
\pst@symbolWidth=\dimen183
\pst@symbolLinewidth=\dimen184
\everypsbox=\toks35
\psframesep=\dimen185
\pslabelsep=\dimen186
\sh@wgridXunit=\dimen187
\sh@wgridYunit=\dimen188
\pst@shift=\dimen189
(/usr/local/texlive/2021/texmf-dist/tex/xelatex/xetex-pstricks/pstricks.con
(/usr/local/texlive/2021/texmf-dist/tex/generic/pstricks/config/xdvipdfmx.cfg
Using PSTricks configuration for XeTeX+xdvipdfmx
)))
File: pstricks.tex 2020/09/18 v3.01 `PSTricks' (tvz,hv)
 (/usr/local/texlive/2021/texmf-dist/tex/generic/pstricks/pst-fp.tex)
File: pst-fp.tex 2020/09/18 v3.01 `PST-fp' (hv)

>>> Loading XeTeX special macros
(/usr/local/texlive/2021/texmf-dist/tex/generic/pstricks/pstricks-xetex.def))
(/usr/local/texlive/2021/texmf-dist/tex/latex/graphics/graphicx.sty
Package: graphicx 2020/09/09 v1.2b Enhanced LaTeX Graphics (DPC,SPQR)

(/usr/local/texlive/2021/texmf-dist/tex/latex/graphics/graphics.sty
Package: graphics 2020/08/30 v1.4c Standard LaTeX Graphics (DPC,SPQR)

(/usr/local/texlive/2021/texmf-dist/tex/latex/graphics/trig.sty
Package: trig 2016/01/03 v1.10 sin cos tan (DPC)
)
(/usr/local/texlive/2021/texmf-dist/tex/latex/graphics-cfg/graphics.cfg
File: graphics.cfg 2016/06/04 v1.11 sample graphics configuration
)
Package graphics Info: Driver file: xetex.def on input line 105.
)
\Gin@req@height=\dimen190
\Gin@req@width=\dimen191
)
(/usr/local/texlive/2021/texmf-dist/tex/latex/subfigure/subfigure.sty
Package: subfigure 2002/03/15 v2.1.5 subfigure package
\subfigtopskip=\skip53
\subfigcapskip=\skip54
\subfigcaptopadj=\dimen192
\subfigbottomskip=\skip55
\subfigcapmargin=\dimen193
\subfiglabelskip=\skip56
\c@subfigure=\count305
\c@lofdepth=\count306
\c@subtable=\count307
\c@lotdepth=\count308

****************************************
* Local config file subfigure.cfg used *
****************************************
(/usr/local/texlive/2021/texmf-dist/tex/latex/subfigure/subfigure.cfg)
\subfig@top=\skip57
\subfig@bottom=\skip58
)
(/usr/local/texlive/2021/texmf-dist/tex/latex/wrapfig/wrapfig.sty
\wrapoverhang=\dimen194
\WF@size=\dimen195
\c@WF@wrappedlines=\count309
\WF@box=\box54
\WF@everypar=\toks36
Package: wrapfig 2003/01/31  v 3.6
)
(/usr/local/texlive/2021/texmf-dist/tex/latex/geometry/geometry.sty
Package: geometry 2020/01/02 v5.9 Page Geometry

(/usr/local/texlive/2021/texmf-dist/tex/generic/iftex/ifvtex.sty
Package: ifvtex 2019/10/25 v1.7 ifvtex legacy package. Use iftex instead.
)
\Gm@cnth=\count310
\Gm@cntv=\count311
\c@Gm@tempcnt=\count312
\Gm@bindingoffset=\dimen196
\Gm@wd@mp=\dimen197
\Gm@odd@mp=\dimen198
\Gm@even@mp=\dimen199
\Gm@layoutwidth=\dimen256
\Gm@layoutheight=\dimen257
\Gm@layouthoffset=\dimen258
\Gm@layoutvoffset=\dimen259
\Gm@dimlist=\toks37
)
(/usr/local/texlive/2021/texmf-dist/tex/latex/fancyhdr/fancyhdr.sty
Package: fancyhdr 2021/01/28 v4.0.1 Extensive control of page headers and foote
rs
\f@nch@headwidth=\skip59
\f@nch@O@elh=\skip60
\f@nch@O@erh=\skip61
\f@nch@O@olh=\skip62
\f@nch@O@orh=\skip63
\f@nch@O@elf=\skip64
\f@nch@O@erf=\skip65
\f@nch@O@olf=\skip66
\f@nch@O@orf=\skip67
)
(/usr/local/texlive/2021/texmf-dist/tex/latex/amsfonts/euscript.sty
Package: euscript 2009/06/22 v3.00 Euler Script fonts
LaTeX Font Info:    Overwriting math alphabet `\EuScript' in version `bold'
(Font)                  U/eus/m/n --> U/eus/b/n on input line 33.
)
(/usr/local/texlive/2021/texmf-dist/tex/latex/tools/multicol.sty
Package: multicol 2019/12/09 v1.8y multicolumn formatting (FMi)
\c@tracingmulticols=\count313
\mult@box=\box55
\multicol@leftmargin=\dimen260
\c@unbalance=\count314
\c@collectmore=\count315
\doublecol@number=\count316
\multicoltolerance=\count317
\multicolpretolerance=\count318
\full@width=\dimen261
\page@free=\dimen262
\premulticols=\dimen263
\postmulticols=\dimen264
\multicolsep=\skip68
\multicolbaselineskip=\skip69
\partial@page=\box56
\last@line=\box57
\maxbalancingoverflow=\dimen265
\mult@rightbox=\box58
\mult@grightbox=\box59
\mult@gfirstbox=\box60
\mult@firstbox=\box61
\@tempa=\box62
\@tempa=\box63
\@tempa=\box64
\@tempa=\box65
\@tempa=\box66
\@tempa=\box67
\@tempa=\box68
\@tempa=\box69
\@tempa=\box70
\@tempa=\box71
\@tempa=\box72
\@tempa=\box73
\@tempa=\box74
\@tempa=\box75
\@tempa=\box76
\@tempa=\box77
\@tempa=\box78
\@tempa=\box79
\@tempa=\box80
\@tempa=\box81
\@tempa=\box82
\@tempa=\box83
\@tempa=\box84
\@tempa=\box85
\@tempa=\box86
\@tempa=\box87
\@tempa=\box88
\@tempa=\box89
\@tempa=\box90
\@tempa=\box91
\@tempa=\box92
\@tempa=\box93
\@tempa=\box94
\@tempa=\box95
\@tempa=\box96
\@tempa=\box97
\@tempa=\box98
\c@minrows=\count319
\c@columnbadness=\count320
\c@finalcolumnbadness=\count321
\last@try=\dimen266
\multicolovershoot=\dimen267
\multicolundershoot=\dimen268
\mult@nat@firstbox=\box99
\colbreak@box=\box100
\mc@col@check@num=\count322
)
(/usr/local/texlive/2021/texmf-dist/tex/latex/algorithmicx/algorithmicx.sty
Package: algorithmicx 2005/04/27 v1.2 Algorithmicx

(/usr/local/texlive/2021/texmf-dist/tex/latex/base/ifthen.sty
Package: ifthen 2014/09/29 v1.1c Standard LaTeX ifthen package (DPC)
)
Document Style algorithmicx 1.2 - a greatly improved `algorithmic' style
\c@ALG@line=\count323
\c@ALG@rem=\count324
\c@ALG@nested=\count325
\ALG@tlm=\skip70
\ALG@thistlm=\skip71
\c@ALG@Lnr=\count326
\c@ALG@blocknr=\count327
\c@ALG@storecount=\count328
\c@ALG@tmpcounter=\count329
\ALG@tmplength=\skip72
) (/usr/local/texlive/2021/texmf-dist/tex/latex/algorithms/algorithm.sty
Invalid UTF-8 byte or sequence at line 11 replaced by U+FFFD.
Package: algorithm 2009/08/24 v0.1 Document Style `algorithm' - floating enviro
nment

(/usr/local/texlive/2021/texmf-dist/tex/latex/float/float.sty
Package: float 2001/11/08 v1.3d Float enhancements (AL)
\c@float@type=\count330
\float@exts=\toks38
\float@box=\box101
\@float@everytoks=\toks39
\@floatcapt=\box102
)
\@float@every@algorithm=\toks40
\c@algorithm=\count331
)
(/usr/local/texlive/2021/texmf-dist/tex/xelatex/xepersian/xepersian.sty
Package: xepersian 2020/05/17 v23.1 Persian typesetting in XeLaTeX

(/usr/local/texlive/2021/texmf-dist/tex/latex/fontspec/fontspec.sty
(/usr/local/texlive/2021/texmf-dist/tex/latex/l3packages/xparse/xparse.sty
(/usr/local/texlive/2021/texmf-dist/tex/latex/l3kernel/expl3.sty
Package: expl3 2021-02-18 L3 programming layer (loader) 

(/usr/local/texlive/2021/texmf-dist/tex/latex/l3backend/l3backend-xetex.def
File: l3backend-xetex.def 2021-03-18 L3 backend support: XeTeX

(|extractbb --version)
\c__kernel_sys_dvipdfmx_version_int=\count332
\l__color_backend_stack_int=\count333
\g__color_backend_stack_int=\count334
\g__graphics_track_int=\count335
\l__pdf_internal_box=\box103
\g__pdf_backend_object_int=\count336
\g__pdf_backend_annotation_int=\count337
\g__pdf_backend_link_int=\count338
))
(/usr/local/texlive/2021/texmf-dist/tex/latex/l3packages/xparse/xparse-2020-10-
01.sty
(/usr/local/texlive/2021/texmf-dist/tex/latex/l3packages/xparse/xparse-generic.
tex)))
Package: fontspec 2020/02/21 v2.7i Font selection for XeLaTeX and LuaLaTeX

(/usr/local/texlive/2021/texmf-dist/tex/latex/fontspec/fontspec-xetex.sty
Package: fontspec-xetex 2020/02/21 v2.7i Font selection for XeLaTeX and LuaLaTe
X
\l__fontspec_script_int=\count339
\l__fontspec_language_int=\count340
\l__fontspec_strnum_int=\count341
\l__fontspec_tmp_int=\count342
\l__fontspec_tmpa_int=\count343
\l__fontspec_tmpb_int=\count344
\l__fontspec_tmpc_int=\count345
\l__fontspec_em_int=\count346
\l__fontspec_emdef_int=\count347
\l__fontspec_strong_int=\count348
\l__fontspec_strongdef_int=\count349
\l__fontspec_tmpa_dim=\dimen269
\l__fontspec_tmpb_dim=\dimen270
\l__fontspec_tmpc_dim=\dimen271

(/usr/local/texlive/2021/texmf-dist/tex/latex/base/fontenc.sty
Package: fontenc 2020/08/10 v2.0s Standard LaTeX package
)
(/usr/local/texlive/2021/texmf-dist/tex/latex/fontspec/fontspec.cfg)))
(/usr/local/texlive/2021/texmf-dist/tex/xelatex/xepersian/xepersian-persiancal.
sty
Package: xepersian-persiancal 2012/07/25 v0.2 provides Persian calendar
\XePersian@i=\count350
\XePersian@y=\count351
\XePersian@m=\count352
\XePersian@d=\count353
\XePersian@latini=\count354
\XePersian@persiani=\count355
\XePersian@latinii=\count356
\XePersian@persianii=\count357
\XePersian@latiniii=\count358
\XePersian@persianiii=\count359
\XePersian@latiniv=\count360
\XePersian@persianiv=\count361
\XePersian@latinv=\count362
\XePersian@persianv=\count363
\XePersian@latinvi=\count364
\XePersian@persianvi=\count365
\XePersian@latinvii=\count366
\XePersian@persianvii=\count367
\XePersian@latinviii=\count368
\XePersian@persianviii=\count369
\XePersian@latinix=\count370
\XePersian@persianix=\count371
\XePersian@latinx=\count372
\XePersian@persianx=\count373
\XePersian@latinxi=\count374
\XePersian@persianxi=\count375
\XePersian@latinxii=\count376
\XePersian@persianxii=\count377
\XePersian@persianxiii=\count378
\XePersian@temp=\count379
\XePersian@temptwo=\count380
\XePersian@tempthree=\count381
\XePersian@yModHundred=\count382
\XePersian@thirtytwo=\count383
\XePersian@dn=\count384
\XePersian@sn=\count385
\XePersian@mminusone=\count386
)
(/usr/local/texlive/2021/texmf-dist/tex/xelatex/xepersian/xepersian-mathsdigits
pec.sty
Package: xepersian-mathsdigitspec 2018/12/16 v1.1.7 Unicode Persian maths digit
s in XeLaTeX
) (/usr/local/texlive/2021/texmf-dist/tex/xelatex/bidi/bidi.sty
Package: bidi 2020/05/17 v36.3 Bidirectional typesetting in plain TeX and LaTeX


****************************************************
* 
* bidi package (Bidirectional typesetting in
* plain TeX and LaTeX, using XeTeX engine)
* 
* Description: A convenient interface for
* typesetting bidirectional texts in plain TeX
* and LaTeX. The package includes adaptations
* for use with many other commonly-used packages.
* 
* Copyright (c) 2007--2020 Vafa Khalighi
* Copyright (c) 2018--2020 bidi-tex GitHub organization
* 
* v36.3, 2020/05/17
* 
* License: LaTeX Project Public License, version
* 1.3c or higher (your choice)
* 
* Location on CTAN: /macros/xetex/latex/bidi
* 
* Issue tracker: https://github.com/persiantex/bidi/issues
* 
* Primary author of bidi package: Vafa Khalighi.
* 
****************************************************
(/usr/local/texlive/2021/texmf-dist/tex/xelatex/bidi/biditools.sty
Package: biditools 2020/05/13 v2 Programming tools for bidi package
\@bidi@envbody=\toks41
\@bidi@emptytoks=\toks42
\bidi@poscount=\count387


Package biditools Warning: Patching `\enddocument' failed on input line 916.

\bidi@tempcountb=\count388
\bidi@temptoksa=\toks43
\bidi@temptoksb=\toks44
\bidi@dummies=\count389
\bidi@are@these@correct=\toks45
\bidi@toks@lista=\toks46
\bidi@toks@listb=\toks47
\bidi@stack@length=\count390
\bidi@empty@stack=\toks48
\bidi@looprepeat@depth=\count391
) (/usr/local/texlive/2021/texmf-dist/tex/latex/zref/zref-abspage.sty
Package: zref-abspage 2020-07-03 v2.32 Module abspage for zref (HO)

(/usr/local/texlive/2021/texmf-dist/tex/latex/zref/zref-base.sty
Package: zref-base 2020-07-03 v2.32 Module base for zref (HO)
Package zref Info: New property list: main on input line 764.
Package zref Info: New property: default on input line 765.
Package zref Info: New property: page on input line 766.
)
\c@abspage=\count392
Package zref Info: New property: abspage on input line 66.
)
\@bidi@copyins@=\insert252

(/usr/local/texlive/2021/texmf-dist/tex/xelatex/bidi/latex-xetex-bidi.def
File: latex-xetex-bidi.def 2019/03/03 v1.3.7 bidi adaptations for `latex.ltx' f
or XeTeX engine
\bidi@n@everypar=\toks49
\bidi@column@check@number=\count393

(/usr/local/texlive/2021/texmf-dist/tex/xelatex/bidi/footnote-xetex-bidi.def
File: footnote-xetex-bidi.def 2017/08/09 v1.1 bidi footnote macros for XeTeX en
gine
\c@footdir@label=\count394
\footdir@toks=\toks50
)
(/usr/local/texlive/2021/texmf-dist/tex/xelatex/bidi/book-xetex-bidi.def
File: book-xetex-bidi.def 2017/06/09 v1.0 bidi adaptations for standard book cl
ass for XeTeX engine
)
(/usr/local/texlive/2021/texmf-dist/tex/xelatex/bidi/amsmath-xetex-bidi.def
File: amsmath-xetex-bidi.def 2020/05/16 v1.2 bidi adaptations for amsmath packa
ge for XeTeX engine
)
(/usr/local/texlive/2021/texmf-dist/tex/xelatex/bidi/amstext-xetex-bidi.def
File: amstext-xetex-bidi.def 2016/09/12 v0.2 bidi adaptations for amstext packa
ge for XeTeX engine
)
(/usr/local/texlive/2021/texmf-dist/tex/xelatex/bidi/color-xetex-bidi.def
File: color-xetex-bidi.def 2013/04/08 v0.2 bidi adaptations for color package f
or XeTeX engine
LaTeX Info: Redefining \color on input line 47.
)
(/usr/local/texlive/2021/texmf-dist/tex/xelatex/bidi/xcolor-xetex-bidi.def
File: xcolor-xetex-bidi.def 2013/04/08 v0.2 bidi adaptations for xcolor package
 for XeTeX engine
LaTeX Info: Redefining \color on input line 46.
LaTeX Info: Redefining \bidicolor on input line 89.
)
(/usr/local/texlive/2021/texmf-dist/tex/xelatex/bidi/float-xetex-bidi.def
File: float-xetex-bidi.def 2013/04/04 v0.2 bidi adaptations for float package f
or XeTeX engine
)
(/usr/local/texlive/2021/texmf-dist/tex/xelatex/bidi/wrapfig-xetex-bidi.def
File: wrapfig-xetex-bidi.def 2014/04/23 v0.3 bidi adaptations for wrapfig packa
ge for XeTeX engine
)
(/usr/local/texlive/2021/texmf-dist/tex/xelatex/bidi/graphicx-xetex-bidi.def
File: graphicx-xetex-bidi.def 2017/06/17 v0.5 bidi adaptations for graphicx pac
kage for XeTeX engine
)
(/usr/local/texlive/2021/texmf-dist/tex/xelatex/bidi/geometry-xetex-bidi.def
File: geometry-xetex-bidi.def 2017/01/14 v0.2 bidi adaptations for geometry pac
kage for XeTeX engine
)
(/usr/local/texlive/2021/texmf-dist/tex/xelatex/bidi/hyperref-xetex-bidi.def
File: hyperref-xetex-bidi.def 2018/11/11 v1.1 bidi adaptations for hyperref pac
kage for XeTeX engine
)
(/usr/local/texlive/2021/texmf-dist/tex/xelatex/bidi/fancyhdr-xetex-bidi.def
File: fancyhdr-xetex-bidi.def 2018/02/15 v0.7 bidi adaptations for fancyhdr pac
kage for XeTeX engine
)
(/usr/local/texlive/2021/texmf-dist/tex/xelatex/bidi/pstricks-xetex-bidi.def
File: pstricks-xetex-bidi.def 2015/11/18 v0.5 bidi adaptations for pstricks pac
kage for XeTeX engine
)
(/usr/local/texlive/2021/texmf-dist/tex/xelatex/bidi/subfigure-xetex-bidi.def
File: subfigure-xetex-bidi.def 2010/03/01 v0.1 bidi adaptations for subfigure p
ackage for XeTeX engine
)
(/usr/local/texlive/2021/texmf-dist/tex/xelatex/bidi/multicol-xetex-bidi.def
File: multicol-xetex-bidi.def 2019/06/14 v1.2 bidi adaptations for multicol pac
kage for XeTeX engine
))
(/usr/local/texlive/2021/texmf-dist/tex/xelatex/bidi/loadingorder-xetex-bidi.de
f
File: loadingorder-xetex-bidi.def 2017/12/29 v0.97 making sure that bidi is the
 last package loaded
)
\bidi@digits=\count395
\bidi@digits@charclass=\XeTeXcharclass1
\bidi@sepmark@charclass=\XeTeXcharclass2
)
****************************************************
* 
* xepersian package (Persian for LaTeX, using XeTeX engine)
* 
* Description: The package supports Persian
* typesetting, using fonts provided in the
* distribution.
* 
* Copyright (c) 2008--2020 Vafa Khalighi
* Copyright (c) 2018--2020 bidi-tex GitHub Organization
* 
* v23.1, 2020/05/17
* 
* License: LaTeX Project Public License, version
* 1.3c or higher (your choice)
* 
* Location on CTAN: /macros/xetex/latex/xepersian
* 
* Issue tracker: https://github.com/persiantex/xepersian/issues
* 
* Primary author of xepersian package: Vafa Khalighi.
* 
****************************************************
\xepersian@tcl=\count396
\xepersian@ilg=\dimen272
\xepersian@strutilg=\dimen273

(/usr/local/texlive/2021/texmf-dist/tex/xelatex/xepersian/loadingorder-xepersia
n.def
File: loadingorder-xepersian.def 2018/09/29 v0.5 making sure that xepersian is 
the last package loaded
)
(/usr/local/texlive/2021/texmf-dist/tex/xelatex/xepersian/footnote-xepersian.de
f
File: footnote-xepersian.def 2017/08/09 v0.6 footnote macros for xepersian pack
age
)
(/usr/local/texlive/2021/texmf-dist/tex/xelatex/xepersian/algorithm-xepersian.d
ef
File: algorithm-xepersian.def 2010/07/25 v0.2 adaptations for algorithm package

)
(/usr/local/texlive/2021/texmf-dist/tex/xelatex/xepersian/hyperref-xepersian.de
f
File: hyperref-xepersian.def 2015/02/02 v0.6 bilingual captions for hyperref pa
ckage
) (/usr/local/texlive/2021/texmf-dist/tex/xelatex/xepersian/book-xepersian.def
File: book-xepersian.def 2010/07/25 v0.2 adaptations for standard book class
)
(/usr/local/texlive/2021/texmf-dist/tex/xelatex/xepersian/localise-xepersian.de
f
File: localise-xepersian.def 2014/07/10 v0.2b Persian localisation of LaTeX2e

(/usr/local/texlive/2021/texmf-dist/tex/xelatex/xepersian/latex-localise-comman
ds-xepersian.def
File: latex-localise-commands-xepersian.def 2014/02/05 v0.3 Persian localisatio
n of LaTeX2e commands
)
(/usr/local/texlive/2021/texmf-dist/tex/xelatex/xepersian/xepersian-localise-co
mmands-xepersian.def
File: xepersian-localise-commands-xepersian.def 2012/07/25 v0.2 Persian localis
ation of XePersian commands
)
(/usr/local/texlive/2021/texmf-dist/tex/xelatex/xepersian/latex-localise-enviro
nments-xepersian.def
File: latex-localise-environments-xepersian.def 2010/07/25 v0.2 Persian localis
ation of LaTeX2e environments
)
(/usr/local/texlive/2021/texmf-dist/tex/xelatex/xepersian/xepersian-localise-en
vironments-xepersian.def
File: xepersian-localise-environments-xepersian.def 2010/07/25 v0.1 Persian loc
alisation of XePersian and bidi environments
)
(/usr/local/texlive/2021/texmf-dist/tex/xelatex/xepersian/latex-localise-messag
es-xepersian.def
File: latex-localise-messages-xepersian.def 2011/03/01 v0.1 localising LaTeX2e 
messages
)
(/usr/local/texlive/2021/texmf-dist/tex/xelatex/xepersian/latex-localise-misc-x
epersian.def
File: latex-localise-misc-xepersian.def 2012/01/01 v0.2 miscellaneous Persian l
ocalisation of LaTeX2e
)
(/usr/local/texlive/2021/texmf-dist/tex/xelatex/xepersian/packages-localise-xep
ersian.def
File: packages-localise-xepersian.def 2013/04/24 v0.2 localising LaTeX2e Packag
es

(/usr/local/texlive/2021/texmf-dist/tex/xelatex/xepersian/color-localise-xepers
ian.def
File: color-localise-xepersian.def 2011/03/01 v0.1 localising color package
)))
(/usr/local/texlive/2021/texmf-dist/tex/xelatex/bidi/extrafootnotefeatures-xete
x-bidi.def
File: extrafootnotefeatures-xetex-bidi.def 2018/10/11 v1.7 bidi extra footnote 
features for XeTeX engine
\footmarkwidth=\skip73
\footinsdim=\skip74
\footinsv@r=\insert251
\footinsv@l=\insert250
\@mpfootinsv@r=\insert249
\@mpfootinsv@l=\insert248
\m@m@k=\count397
\m@m@h=\dimen274
\m@mipn@skip=\skip75
)
(/usr/local/texlive/2021/texmf-dist/tex/xelatex/xepersian/extrafootnotefeatures
-xepersian.def
File: extrafootnotefeatures-xepersian.def 2012/01/01 v0.2 footnote macros for e
xtrafootnotefeatures option of xepersian package
)

Package fontspec Info: Font family 'lmroman10-regular(0)' created for font
(fontspec)             'lmroman10-regular' with options
(fontspec)             [Ligatures=TeX,Path,BoldFont={lmroman10-bold},BoldItalic
Font={lmroman10-bolditalic},ItalicFont={lmroman10-italic},SmallCapsFont={lmroma
ncaps10-regular},SlantedFont={lmromanslant10-regular},BoldSlantedFont={lmromans
lant10-bold}].
(fontspec)              
(fontspec)              This font family consists of the following NFSS
(fontspec)             series/shapes:
(fontspec)              
(fontspec)             - 'normal' (m/n) with NFSS spec.:
(fontspec)             <->"[lmroman10-regular]/OT:script=latn;language=dflt;map
ping=tex-text;"
(fontspec)             - 'small caps'  (m/sc) with NFSS spec.:
(fontspec)             <->"[lmromancaps10-regular]/OT:script=latn;language=dflt
;mapping=tex-text;"
(fontspec)             - 'bold' (b/n) with NFSS spec.:
(fontspec)             <->"[lmroman10-bold]/OT:script=latn;language=dflt;mappin
g=tex-text;"
(fontspec)             - 'bold small caps'  (b/sc) with NFSS spec.:
(fontspec)             <->"[lmromancaps10-regular]/OT:script=latn;language=dflt
;mapping=tex-text;"
(fontspec)             - 'italic' (m/it) with NFSS spec.:
(fontspec)             <->"[lmroman10-italic]/OT:script=latn;language=dflt;mapp
ing=tex-text;"
(fontspec)             - 'italic small caps'  (m/scit) with NFSS spec.:
(fontspec)             <->"[lmromancaps10-regular]/OT:script=latn;language=dflt
;mapping=tex-text;"
(fontspec)             - 'slanted' (m/sl) with NFSS spec.:
(fontspec)             <->"[lmromanslant10-regular]/OT:script=latn;language=dfl
t;mapping=tex-text;"
(fontspec)             - 'slanted small caps'  (m/scsl) with NFSS spec.:
(fontspec)             <->"[lmromancaps10-regular]/OT:script=latn;language=dflt
;mapping=tex-text;"
(fontspec)             - 'bold italic' (b/it) with NFSS spec.:
(fontspec)             <->"[lmroman10-bolditalic]/OT:script=latn;language=dflt;
mapping=tex-text;"
(fontspec)             - 'bold italic small caps'  (b/scit) with NFSS spec.:
(fontspec)             <->"[lmromancaps10-regular]/OT:script=latn;language=dflt
;mapping=tex-text;"
(fontspec)             - 'bold slanted' (b/sl) with NFSS spec.:
(fontspec)             <->"[lmromanslant10-bold]/OT:script=latn;language=dflt;m
apping=tex-text;"
(fontspec)             - 'bold slanted small caps'  (b/scsl) with NFSS spec.:
(fontspec)             <->"[lmromancaps10-regular]/OT:script=latn;language=dflt
;mapping=tex-text;"

)
(/usr/local/texlive/2021/texmf-dist/tex/latex/algorithmicx/algpseudocode.sty
Package: algpseudocode 

Document Style - pseudocode environments for use with the `algorithmicx' style
) (./styles/alg-fa.tex)
*geometry* verbose mode - [ newgeometry ] result:
* driver: 
* paper: a4paper
* layout: <same size as paper>
* layoutoffset:(h,v)=(0.0pt,0.0pt)
* modes: 
* h-part:(L,W,R)=(71.13188pt, 441.01773pt, 85.35826pt)
* v-part:(T,H,B)=(99.58464pt, 645.87756pt, 99.58464pt)
* \paperwidth=597.50787pt
* \paperheight=845.04684pt
* \textwidth=441.01773pt
* \textheight=645.87756pt
* \oddsidemargin=-1.1381pt
* \evensidemargin=-1.1381pt
* \topmargin=-17.55914pt
* \headheight=25.0pt
* \headsep=19.8738pt
* \topskip=12.0pt
* \footskip=30.0pt
* \marginparwidth=38.0pt
* \marginparsep=7.0pt
* \columnsep=10.0pt
* \skip\footins=10.8pt plus 4.0pt minus 2.0pt
* \hoffset=0.0pt
* \voffset=0.0pt
* \mag=1000
* \@twocolumnfalse
* \@twosidefalse
* \@mparswitchfalse
* \@reversemarginfalse
* (1in=72.27pt=25.4mm, 1cm=28.453pt)


Package fontspec Info: Font family 'XBNiloofar(0)' created for font 'XB
(fontspec)             Niloofar' with options
(fontspec)             [Script=Persian,Ligatures=PersianTeX,Scale=1.09,Extensio
n=.ttf,Path=styles/fonts/,BoldFont=XB
(fontspec)             NiloofarBd,ItalicFont=XB NiloofarIt,BoldItalicFont=XB
(fontspec)             NiloofarBdIt].
(fontspec)              
(fontspec)              This font family consists of the following NFSS
(fontspec)             series/shapes:
(fontspec)              
(fontspec)             - 'normal' (m/n) with NFSS spec.:
(fontspec)             <->s*[1.09]"[styles/fonts/XB
(fontspec)             Niloofar.ttf]/OT:script=arab;language=dflt;mapping=persi
an-tex-text;"
(fontspec)             - 'small caps'  (m/sc) with NFSS spec.: 
(fontspec)             - 'bold' (b/n) with NFSS spec.:
(fontspec)             <->s*[1.09]"[styles/fonts/XB
(fontspec)             NiloofarBd.ttf]/OT:script=arab;language=dflt;mapping=per
sian-tex-text;"
(fontspec)             - 'bold small caps'  (b/sc) with NFSS spec.: 
(fontspec)             - 'italic' (m/it) with NFSS spec.:
(fontspec)             <->s*[1.09]"[styles/fonts/XB
(fontspec)             NiloofarIt.ttf]/OT:script=arab;language=dflt;mapping=per
sian-tex-text;"
(fontspec)             - 'italic small caps'  (m/scit) with NFSS spec.: 
(fontspec)             - 'bold italic' (b/it) with NFSS spec.:
(fontspec)             <->s*[1.09]"[styles/fonts/XB
(fontspec)             NiloofarBdIt.ttf]/OT:script=arab;language=dflt;mapping=p
ersian-tex-text;"
(fontspec)             - 'bold italic small caps'  (b/scit) with NFSS spec.: 

LaTeX Font Info:    Font shape `TU/XBNiloofar(0)/m/n' will be
(Font)              scaled to size 13.07996pt on input line 46.

Package fontspec Info: Font family 'XBNiloofar(1)' created for font 'XB
(fontspec)             Niloofar' with options
(fontspec)             [Ligatures=PersianTeX,Scale=1.09,Extension=.ttf,Path=sty
les/fonts/,BoldFont=XB
(fontspec)             NiloofarBd,ItalicFont=XB NiloofarIt,BoldItalicFont=XB
(fontspec)             NiloofarBdIt].
(fontspec)              
(fontspec)              This font family consists of the following NFSS
(fontspec)             series/shapes:
(fontspec)              
(fontspec)             - 'normal' (m/n) with NFSS spec.:
(fontspec)             <->s*[1.09]"[styles/fonts/XB
(fontspec)             Niloofar.ttf]/OT:script=latn;language=dflt;mapping=persi
an-tex-text;"
(fontspec)             - 'small caps'  (m/sc) with NFSS spec.: 
(fontspec)             - 'bold' (b/n) with NFSS spec.:
(fontspec)             <->s*[1.09]"[styles/fonts/XB
(fontspec)             NiloofarBd.ttf]/OT:script=latn;language=dflt;mapping=per
sian-tex-text;"
(fontspec)             - 'bold small caps'  (b/sc) with NFSS spec.: 
(fontspec)             - 'italic' (m/it) with NFSS spec.:
(fontspec)             <->s*[1.09]"[styles/fonts/XB
(fontspec)             NiloofarIt.ttf]/OT:script=latn;language=dflt;mapping=per
sian-tex-text;"
(fontspec)             - 'italic small caps'  (m/scit) with NFSS spec.: 
(fontspec)             - 'bold italic' (b/it) with NFSS spec.:
(fontspec)             <->s*[1.09]"[styles/fonts/XB
(fontspec)             NiloofarBdIt.ttf]/OT:script=latn;language=dflt;mapping=p
ersian-tex-text;"
(fontspec)             - 'bold italic small caps'  (b/scit) with NFSS spec.: 

Package xepersian-mathsdigitspec Info: DefiningthedefaultPersianmathsdigitsfont
as'XB Niloofar' on input line 55.
\symOPERATORS=\mathgroup6
\symnew@mathbf@font@digits=\mathgroup7
\symnew@mathit@font@digits=\mathgroup8
\symnew@mathrm@font@digits=\mathgroup9

Package fontspec Info: Font family 'XBKayhanPook(0)' created for font 'XB
(fontspec)             Kayhan Pook' with options
(fontspec)             [Script=Persian,Ligatures=PersianTeX,Scale=1,Path=styles
/fonts/].
(fontspec)              
(fontspec)              This font family consists of the following NFSS
(fontspec)             series/shapes:
(fontspec)              
(fontspec)             - 'normal' (m/n) with NFSS spec.:
(fontspec)             <->s*[1]"[styles/fonts/XB Kayhan
(fontspec)             Pook]/OT:script=arab;language=dflt;mapping=persian-tex-t
ext;"
(fontspec)             - 'small caps'  (m/sc) with NFSS spec.: 

\c@قضیه=\count398
\c@مسئله=\count399
\c@تعریف=\count400
\c@مثال=\count401
) (./styles/custom.tex) (./thesis.aux
(./chapters/introduction.aux) (./chapters/definitions.aux

LaTeX Warning: Label `103' multiply defined.

) (./chapters/literature.aux) (./chapters/results.aux

LaTeX Warning: Label `102' multiply defined.


LaTeX Warning: Label `57' multiply defined.

))
\openout1 = `thesis.aux'.

LaTeX Font Info:    Checking defaults for OML/cmm/m/it on input line 26.
LaTeX Font Info:    ... okay on input line 26.
LaTeX Font Info:    Checking defaults for OMS/cmsy/m/n on input line 26.
LaTeX Font Info:    ... okay on input line 26.
LaTeX Font Info:    Checking defaults for OT1/cmr/m/n on input line 26.
LaTeX Font Info:    ... okay on input line 26.
LaTeX Font Info:    Checking defaults for T1/cmr/m/n on input line 26.
LaTeX Font Info:    ... okay on input line 26.
LaTeX Font Info:    Checking defaults for TS1/cmr/m/n on input line 26.
LaTeX Font Info:    Trying to load font information for TS1+cmr on input line 2
6.
 (/usr/local/texlive/2021/texmf-dist/tex/latex/base/ts1cmr.fd
File: ts1cmr.fd 2019/12/16 v2.5j Standard LaTeX font definitions
)
LaTeX Font Info:    ... okay on input line 26.
LaTeX Font Info:    Checking defaults for TU/lmr/m/n on input line 26.
LaTeX Font Info:    ... okay on input line 26.
LaTeX Font Info:    Checking defaults for OMX/cmex/m/n on input line 26.
LaTeX Font Info:    ... okay on input line 26.
LaTeX Font Info:    Checking defaults for U/cmr/m/n on input line 26.
LaTeX Font Info:    ... okay on input line 26.
LaTeX Font Info:    Checking defaults for PD1/pdf/m/n on input line 26.
LaTeX Font Info:    ... okay on input line 26.
LaTeX Font Info:    Checking defaults for PU/pdf/m/n on input line 26.
LaTeX Font Info:    ... okay on input line 26.
Package hyperref Info: Link coloring ON on input line 26.

(/usr/local/texlive/2021/texmf-dist/tex/latex/hyperref/nameref.sty
Package: nameref 2021-04-02 v2.47 Cross-referencing by name of section

(/usr/local/texlive/2021/texmf-dist/tex/latex/refcount/refcount.sty
Package: refcount 2019/12/15 v3.6 Data extraction from label references (HO)
)
(/usr/local/texlive/2021/texmf-dist/tex/generic/gettitlestring/gettitlestring.s
ty
Package: gettitlestring 2019/12/15 v1.6 Cleanup title references (HO)
)
\c@section@level=\count402
)
LaTeX Info: Redefining \ref on input line 26.
LaTeX Info: Redefining \pageref on input line 26.
LaTeX Info: Redefining \nameref on input line 26.
 (./thesis.out) (./thesis.out)
\@outlinefile=\write3
\openout3 = `thesis.out'.


*geometry* driver: auto-detecting
*geometry* detected driver: xetex
*geometry* verbose mode - [ preamble ] result:
* driver: xetex
* paper: a4paper
* layout: <same size as paper>
* layoutoffset:(h,v)=(0.0pt,0.0pt)
* modes: 
* h-part:(L,W,R)=(71.13188pt, 441.01773pt, 85.35826pt)
* v-part:(T,H,B)=(99.58464pt, 645.87756pt, 99.58464pt)
* \paperwidth=597.50787pt
* \paperheight=845.04684pt
* \textwidth=441.01773pt
* \textheight=645.87756pt
* \oddsidemargin=-1.1381pt
* \evensidemargin=-1.1381pt
* \topmargin=-17.55914pt
* \headheight=25.0pt
* \headsep=19.8738pt
* \topskip=12.0pt
* \footskip=30.0pt
* \marginparwidth=38.0pt
* \marginparsep=7.0pt
* \columnsep=10.0pt
* \skip\footins=10.8pt plus 4.0pt minus 2.0pt
* \hoffset=0.0pt
* \voffset=0.0pt
* \mag=1000
* \@twocolumnfalse
* \@twosidefalse
* \@mparswitchfalse
* \@reversemarginfalse
* (1in=72.27pt=25.4mm, 1cm=28.453pt)

(./front/info.tex) (./front/template/title.tex
File: front/template/images/logo.png Graphic file (type bmp)
<front/template/images/logo.png>
LaTeX Font Info:    Font shape `TU/XBNiloofar(0)/m/n' will be
(Font)              scaled to size 15.69594pt on input line 8.
LaTeX Font Info:    Font shape `TU/XBNiloofar(0)/m/n' will be
(Font)              scaled to size 22.60652pt on input line 24.
LaTeX Font Info:    Font shape `TU/XBNiloofar(0)/b/n' will be
(Font)              scaled to size 22.60652pt on input line 24.
LaTeX Font Info:    Font shape `TU/XBNiloofar(0)/b/n' will be
(Font)              scaled to size 15.69594pt on input line 29.
 [1


])
(./front/template/besmellah.tex
File: front/template/images/besmellah.jpg Graphic file (type bmp)
<front/template/images/besmellah.jpg>
 [2]) (./front/template/ezhar.tex
File: front/template/images/ezhar.pdf Graphic file (type pdf)
<use front/template/images/ezhar.pdf>

Overfull \hbox (0.9356pt too wide) in paragraph at lines 6--7
 [][][][][] 
 []

[3]) (./front/template/tasvib.tex
File: front/template/images/tasvib.pdf Graphic file (type pdf)
<use front/template/images/tasvib.pdf>

Overfull \hbox (17.4693pt too wide) in paragraph at lines 6--7
 [][][][][] 
 []

[4]) (./front/tnx.tex
LaTeX Font Info:    Font shape `TU/XBNiloofar(0)/b/n' will be
(Font)              scaled to size 13.07996pt on input line 10.
 [5]) (./front/abstract.tex
LaTeX Font Info:    Trying to load font information for U+msa on input line 13.


(/usr/local/texlive/2021/texmf-dist/tex/latex/amsfonts/umsa.fd
File: umsa.fd 2013/01/14 v3.01 AMS symbols A
)
LaTeX Font Info:    Trying to load font information for U+msb on input line 13.


(/usr/local/texlive/2021/texmf-dist/tex/latex/amsfonts/umsb.fd
File: umsb.fd 2013/01/14 v3.01 AMS symbols B
)
LaTeX Font Info:    Font shape `TU/XBNiloofar(1)/m/n' will be
(Font)              scaled to size 13.07996pt on input line 13.
LaTeX Font Info:    Font shape `TU/XBNiloofar(1)/m/n' will be
(Font)              scaled to size 8.71997pt on input line 13.
LaTeX Font Info:    Font shape `TU/XBNiloofar(1)/m/n' will be
(Font)              scaled to size 6.53998pt on input line 13.
LaTeX Font Info:    Font shape `TU/XBNiloofar(1)/bx/n' in size <12> not availab
le
(Font)              Font shape `TU/XBNiloofar(1)/b/n' tried instead on input li
ne 13.
LaTeX Font Info:    Font shape `TU/XBNiloofar(1)/b/n' will be
(Font)              scaled to size 13.07996pt on input line 13.
LaTeX Font Info:    Font shape `TU/XBNiloofar(1)/bx/n' in size <8> not availabl
e
(Font)              Font shape `TU/XBNiloofar(1)/b/n' tried instead on input li
ne 13.
LaTeX Font Info:    Font shape `TU/XBNiloofar(1)/b/n' will be
(Font)              scaled to size 8.71997pt on input line 13.
LaTeX Font Info:    Font shape `TU/XBNiloofar(1)/bx/n' in size <6> not availabl
e
(Font)              Font shape `TU/XBNiloofar(1)/b/n' tried instead on input li
ne 13.
LaTeX Font Info:    Font shape `TU/XBNiloofar(1)/b/n' will be
(Font)              scaled to size 6.53998pt on input line 13.
LaTeX Font Info:    Font shape `TU/XBNiloofar(1)/m/it' will be
(Font)              scaled to size 13.07996pt on input line 13.
LaTeX Font Info:    Font shape `TU/XBNiloofar(1)/m/it' will be
(Font)              scaled to size 8.71997pt on input line 13.
LaTeX Font Info:    Font shape `TU/XBNiloofar(1)/m/it' will be
(Font)              scaled to size 6.53998pt on input line 13.
 [6])
LaTeX Font Info:    Font shape `TU/XBNiloofar(0)/m/n' will be
(Font)              scaled to size 27.11911pt on input line 56.
LaTeX Font Info:    Font shape `TU/XBNiloofar(0)/b/n' will be
(Font)              scaled to size 27.11911pt on input line 56.

(./thesis.toc [7

] [8] [9])
\tf@toc=\write4
\openout4 = `thesis.toc'.

 [10] (./thesis.lof
Overfull \hbox (2.36269pt too wide) in paragraph at lines 18--18
 [][][] [][][][][][][]\TU/XBNiloofar(0)/m/n/12 مقایسه عملکرد در مقدار انرژی مصر
فی سیستم تحت: (a) تغییرات تعداد دستگاه‌های[][][][][] 
 []

)
\tf@lof=\write5
\openout5 = `thesis.lof'.

 [11

] [12] (./thesis.lot)
\tf@lot=\write6
\openout6 = `thesis.lot'.

 [13

]
\openout2 = `chapters/introduction.aux'.

 (./chapters/introduction.tex
فصل 1.
LaTeX Font Info:    Font shape `TU/XBNiloofar(0)/m/n' will be
(Font)              scaled to size 18.83513pt on input line 8.
LaTeX Font Info:    Font shape `TU/XBNiloofar(0)/b/n' will be
(Font)              scaled to size 18.83513pt on input line 8.
LaTeX Font Info:    Font shape `TU/XBNiloofar(0)/m/n' will be
(Font)              scaled to size 8.71997pt on input line 10.
LaTeX Font Info:    Font shape `TU/XBNiloofar(0)/m/n' will be
(Font)              scaled to size 10.89996pt on input line 10.
LaTeX Font Info:    Font shape `TU/XBNiloofar(1)/m/n' will be
(Font)              scaled to size 10.89996pt on input line 10.
LaTeX Font Info:    Font shape `TU/XBNiloofar(1)/m/n' will be
(Font)              scaled to size 7.62997pt on input line 10.
LaTeX Font Info:    Font shape `TU/XBNiloofar(1)/m/n' will be
(Font)              scaled to size 5.44998pt on input line 10.
LaTeX Font Info:    Font shape `TU/XBNiloofar(1)/bx/n' in size <10> not availab
le
(Font)              Font shape `TU/XBNiloofar(1)/b/n' tried instead on input li
ne 10.
LaTeX Font Info:    Font shape `TU/XBNiloofar(1)/b/n' will be
(Font)              scaled to size 10.89996pt on input line 10.
LaTeX Font Info:    Font shape `TU/XBNiloofar(1)/bx/n' in size <7> not availabl
e
(Font)              Font shape `TU/XBNiloofar(1)/b/n' tried instead on input li
ne 10.
LaTeX Font Info:    Font shape `TU/XBNiloofar(1)/b/n' will be
(Font)              scaled to size 7.62997pt on input line 10.
LaTeX Font Info:    Font shape `TU/XBNiloofar(1)/bx/n' in size <5> not availabl
e
(Font)              Font shape `TU/XBNiloofar(1)/b/n' tried instead on input li
ne 10.
LaTeX Font Info:    Font shape `TU/XBNiloofar(1)/b/n' will be
(Font)              scaled to size 5.44998pt on input line 10.
LaTeX Font Info:    Font shape `TU/XBNiloofar(1)/m/it' will be
(Font)              scaled to size 10.89996pt on input line 10.
LaTeX Font Info:    Font shape `TU/XBNiloofar(1)/m/it' will be
(Font)              scaled to size 7.62997pt on input line 10.
LaTeX Font Info:    Font shape `TU/XBNiloofar(1)/m/it' will be
(Font)              scaled to size 5.44998pt on input line 10.
LaTeX Font Info:    Font shape `TU/XBNiloofar(0)/m/n' will be
(Font)              scaled to size 7.62997pt on input line 10.
[1


] [2]
Overfull \hbox (20.2543pt too wide) in paragraph at lines 23--24
[]\TU/XBNiloofar(0)/m/n/12 انجام‌گرفته بر تخلیه وظیفه[][][][][][][][][][][] محا
سباتی، بهینه‌سازی در برنامه‌ریزی[][][][][][][][][][][] محاسبات و تخصیص منابع[][
][][][][][][][][][] محاسباتی‌لبه[]
 []

[3] [4] [5]) [6]
\openout2 = `chapters/definitions.aux'.

 (./chapters/definitions.tex
فصل 2.
File: figs/Edge-Computing.pdf Graphic file (type pdf)
<use figs/Edge-Computing.pdf>
[7




] [8] [9] [10] [11] [12]

LaTeX Font Warning: Command \small invalid in math mode on input line 110.

LaTeX Font Info:    Font shape `TU/XBNiloofar(0)/m/n' will be
(Font)              scaled to size 11.93546pt on input line 110.
[13]

LaTeX Font Warning: Command \small invalid in math mode on input line 114.


LaTeX Font Warning: Command \small invalid in math mode on input line 118.

[14]

LaTeX Font Warning: Command \small invalid in math mode on input line 136.


LaTeX Font Warning: Command \small invalid in math mode on input line 138.


LaTeX Font Warning: Command \small invalid in math mode on input line 140.

[15] [16]

LaTeX Font Warning: Command \small invalid in math mode on input line 176.


LaTeX Font Warning: Command \small invalid in math mode on input line 178.


LaTeX Font Warning: Command \small invalid in math mode on input line 185.

[17] [18] [19]
Overfull \hbox (0.1212pt too wide) detected at line 228
\OML/cmm/m/it/12 P[]X[] \OT1/cmr/m/n/12 = \OML/cmm/m/it/12 j[]X[] \OT1/cmr/m/n/
12 = \OML/cmm/m/it/12 i; X[] \OT1/cmr/m/n/12 = \OML/cmm/m/it/12 i[]; X[] \OT1/c
mr/m/n/12 = \OML/cmm/m/it/12 i[]; [] ; X[] \OT1/cmr/m/n/12 = \OML/cmm/m/it/12 i
[][] \OT1/cmr/m/n/12 = \OML/cmm/m/it/12 P[]X[] \OT1/cmr/m/n/12 = \OML/cmm/m/it/
12 j[]X[] \OT1/cmr/m/n/12 = \OML/cmm/m/it/12 i[]
 []


Overfull \hbox (9.85786pt too wide) in paragraph at lines 233--234
[][]\TU/XBNiloofar(0)/m/n/12 فرایند تصمیم‌گیری مارکوف شامل پنج عنصر است که به ص
ورت چندتایی $\OML/cmm/m/it/12 M \OT1/cmr/m/n/12 = (\OMS/cmsy/m/n/12 S\OML/cmm/m
/it/12 ; []; Act; Step; L\OT1/cmr/m/n/12 )$[]
 []


LaTeX Font Warning: Command \small invalid in math mode on input line 239.


LaTeX Font Warning: Command \small invalid in math mode on input line 241.


LaTeX Font Warning: Command \small invalid in math mode on input line 243.


LaTeX Font Warning: Command \small invalid in math mode on input line 245.


LaTeX Font Warning: Command \small invalid in math mode on input line 247.

[20] [21]
File: figs/rl.pdf Graphic file (type pdf)
<use figs/rl.pdf>
 [22]

LaTeX Font Warning: Command \small invalid in math mode on input line 294.


LaTeX Font Warning: Command \small invalid in math mode on input line 296.


LaTeX Font Warning: Command \small invalid in math mode on input line 306.


LaTeX Font Warning: Command \small invalid in math mode on input line 319.

[23]

LaTeX Font Warning: Command \small invalid in math mode on input line 341.

LaTeX Font Info:    Font shape `TU/XBNiloofar(0)/m/n' will be
(Font)              scaled to size 6.53998pt on input line 341.

LaTeX Font Warning: Command \small invalid in math mode on input line 350.

[24] [25] [26]

LaTeX Font Warning: Command \small invalid in math mode on input line 416.


LaTeX Font Warning: Command \small invalid in math mode on input line 419.

[27] [28] [29]
Overfull \hbox (5.68732pt too wide) in paragraph at lines 491--492
[][]\TU/XBNiloofar(0)/m/n/12 این دو تابع، توابع اصلی در روش یادگیری تقویتی هستن
د، که ما سعی در تخمین آن‌ها برای تصمیم‌گیری[]
 []

[30]
File: figs/network.pdf Graphic file (type pdf)
<use figs/network.pdf>
 [31] [32]

LaTeX Font Warning: Command \small invalid in math mode on input line 519.


LaTeX Font Warning: Command \small invalid in math mode on input line 521.


LaTeX Font Warning: Command \small invalid in math mode on input line 523.


LaTeX Font Warning: Command \small invalid in math mode on input line 526.

[33]

LaTeX Font Warning: Command \small invalid in math mode on input line 541.


LaTeX Font Warning: Command \small invalid in math mode on input line 545.

[34]) [35]
\openout2 = `chapters/literature.aux'.

 (./chapters/literature.tex
فصل 3.
[36




] [37] [38] [39]
Overfull \hbox (3.93733pt too wide) in paragraph at lines 56--57
[][]\TU/XBNiloofar(0)/m/n/12 همچنین میزان تحمل‌پذیری تأخیر در وظایف حساس به تأخ
یر را می‌توان چالشی اساسی در سناریوهای[]
 []

[40] [41]
Overfull \hbox (8.1884pt too wide) in paragraph at lines 84--121
 [][][][] 
 []

[42]) [43]
\openout2 = `chapters/results.aux'.

 (./chapters/results.tex
فصل 4.
Missing character: There is no ، ("60C) in font cmr12!
Missing character: There is no ، ("60C) in font cmr12!
Missing character: There is no ، ("60C) in font cmr12!
[44




]
File: figs/queue.png Graphic file (type bmp)
<figs/queue.png>

! Double subscript.
l.36 ...اتی داشته‌باشد، ما متغیر $K_m(t)\in \IZ_+_
                                                  +$ را تعریف می‌کنیم، که به...
I treat `x_1_2' essentially like `x_1{}_2'.

[45]
! Double subscript.
<argument> ..._1, \lambda _2, \cdots , \lambda _|_
                                                  \Lambda _|
l.40 ...1, \lambda_2, \cdots, \lambda_|_\Lambda_|}
                                                  $، همراه با $|\Lambda|$ مق...
I treat `x_1_2' essentially like `x_1{}_2'.

! Double subscript.
<argument> ...da _2, \cdots , \lambda _|_\Lambda _
                                                  |
l.40 ...1, \lambda_2, \cdots, \lambda_|_\Lambda_|}
                                                  $، همراه با $|\Lambda|$ مق...
I treat `x_1_2' essentially like `x_1{}_2'.

[46]
! Double subscript.
l.49 ...ه یک گره لبه تخلیه شود، متغیر باینری $y_m_
                                                  ,_n(t) \in \set{0,1}$ تعری...
I treat `x_1_2' essentially like `x_1{}_2'.

! Double subscript.
l.49 ...یک گره لبه تخلیه شود، متغیر باینری $y_m_,_
                                                  n(t) \in \set{0,1}$ تعریف ...
I treat `x_1_2' essentially like `x_1{}_2'.

! Double subscript.
l.49 ...ه محاسبات به گره لبه $n$ باشد، متغیر $y_m_
                                                  ,_n(t)$ را برابر با ۱ قرار...
I treat `x_1_2' essentially like `x_1{}_2'.

! Double subscript.
l.49 ...محاسبات به گره لبه $n$ باشد، متغیر $y_m_,_
                                                  n(t)$ را برابر با ۱ قرار م...
I treat `x_1_2' essentially like `x_1{}_2'.

! Double subscript.
l.49 ...ود. همچنین متغیر $\mathcal{Y}_m(t) = (y_m_
                                                  ,_n(t), n \in \mathcal{N})...
I treat `x_1_2' essentially like `x_1{}_2'.

! Double subscript.
l.49 .... همچنین متغیر $\mathcal{Y}_m(t) = (y_m_,_
                                                  n(t), n \in \mathcal{N})$ ...
I treat `x_1_2' essentially like `x_1{}_2'.

! Double subscript.
<argument>  \sum _{n \in \mathcal {N}} y_m_
                                           ,_n(t) = \mathds {1} (x_m(t) = 0)...
l.53 \end{alignat}
                  
I treat `x_1_2' essentially like `x_1{}_2'.

! Double subscript.
<argument>  \sum _{n \in \mathcal {N}} y_m_,_
                                             n(t) = \mathds {1} (x_m(t) = 0)...
l.53 \end{alignat}
                  
I treat `x_1_2' essentially like `x_1{}_2'.

LaTeX Font Info:    Trying to load font information for U+dsrom on input line 5
3.
(/usr/local/texlive/2021/texmf-dist/tex/latex/doublestroke/Udsrom.fd
File: Udsrom.fd 1995/08/01 v0.1 Double stroke roman font definitions
)
! Double subscript.
<argument>  \sum _{n \in \mathcal {N}} y_m_
                                           ,_n(t) = \mathds {1} (x_m(t) = 0)...
l.53 \end{alignat}
                  
I treat `x_1_2' essentially like `x_1{}_2'.

! Double subscript.
<argument>  \sum _{n \in \mathcal {N}} y_m_,_
                                             n(t) = \mathds {1} (x_m(t) = 0)...
l.53 \end{alignat}
                  
I treat `x_1_2' essentially like `x_1{}_2'.

[47]
Runaway argument?
 l_m^{\text {T}}(t) = \min \set {t + \Delta (t)^{\text {T}(t) + \ceil \ETC.
! Paragraph ended before \alignat was complete.
<to be read again> 
                   \par 
l.87 
     
I suspect you've forgotten a `}', causing me to apply this
control sequence to too much text. How can we recover?
My plan is to forget the whole thing and hope for the best.

! Missing $ inserted.
<inserted text> 
                $
l.87 
     
I've inserted a begin-math/end-math symbol since I think
you left one out. Proceed, with fingers crossed.

! Missing \endgroup inserted.
<inserted text> 
                \endgroup 
l.87 
     
I've inserted something that you may have forgotten.
(See the <inserted text> above.)
With luck, this will get me unwedged. But if you
really didn't forget anything, try typing `2' now; then
my insertion and my current dilemma will both disappear.

! Display math should end with $$.
<to be read again> 
                   \par 
l.87 
     
The `$' that I just saw supposedly matches a previous `$$'.
So I shall assume that you typed `$$' both times.


Package amsmath Warning: Foreign command \over;
(amsmath)                \frac or \genfrac should be used instead
(amsmath)                 on input line 92.

! Undefined control sequence.
<argument> ... {y_{m,n}(t)\lambda _m(t) \over r\R 
                                                  _{m,n}(t)\tau } \label {104} 
l.92 \end{alignat}
                  
The control sequence at the end of the top line
of your error message was never \def'ed. If you have
misspelled it (e.g., `\hobx'), type `I' and the correct
spelling (e.g., `I\hbox'). Otherwise just continue,
and I'll forget about whatever was undefined.

! Undefined control sequence.
<argument> ... {y_{m,n}(t)\lambda _m(t) \over r\R 
                                                  _{m,n}(t)\tau } \label {104} 
l.92 \end{alignat}
                  
The control sequence at the end of the top line
of your error message was never \def'ed. If you have
misspelled it (e.g., `\hobx'), type `I' and the correct
spelling (e.g., `I\hbox'). Otherwise just continue,
and I'll forget about whatever was undefined.

Runaway argument?
 E_m^{\text {T}}(t) = D_m^{\text {T}}(t) \mathcal {P}^{\tetx {T}} \tau \ETC.
! Paragraph ended before \alignat was complete.
<to be read again> 
                   \par 
l.101 
      
I suspect you've forgotten a `}', causing me to apply this
control sequence to too much text. How can we recover?
My plan is to forget the whole thing and hope for the best.

! Missing $ inserted.
<inserted text> 
                $
l.101 
      
I've inserted a begin-math/end-math symbol since I think
you left one out. Proceed, with fingers crossed.

! Missing \endgroup inserted.
<inserted text> 
                \endgroup 
l.101 
      
I've inserted something that you may have forgotten.
(See the <inserted text> above.)
With luck, this will get me unwedged. But if you
really didn't forget anything, try typing `2' now; then
my insertion and my current dilemma will both disappear.

! Display math should end with $$.
<to be read again> 
                   \par 
l.101 
      
The `$' that I just saw supposedly matches a previous `$$'.
So I shall assume that you typed `$$' both times.

[48]
! Undefined control sequence.
l.109 در رابطه بالا مقدار ثابت $\mathcal{P}^{\tetx
                                                  {T}} $ را به عنوان نیروی ا...
The control sequence at the end of the top line
of your error message was never \def'ed. If you have
misspelled it (e.g., `\hobx'), type `I' and the correct
spelling (e.g., `I\hbox'). Otherwise just continue,
and I'll forget about whatever was undefined.

[49]
Overfull \hbox (21.0258pt too wide) detected at line 148
[]
 []

[50]
Overfull \hbox (165.34152pt too wide) detected at line 170
[]
 []

[51]
Overfull \hbox (34.35924pt too wide) detected at line 185
[]
 []


Overfull \hbox (5.27722pt too wide) detected at line 192
[]
 []

[52]
Runaway argument?
{} \left E_m^{offl}(t) &=\left e_{m,n}^{\text {E}}(t) + E_m^{trans}(t\ETC.
! Paragraph ended before \align was complete.
<to be read again> 
                   \par 
l.201 
      
I suspect you've forgotten a `}', causing me to apply this
control sequence to too much text. How can we recover?
My plan is to forget the whole thing and hope for the best.

! Missing $ inserted.
<inserted text> 
                $
l.201 
      
I've inserted a begin-math/end-math symbol since I think
you left one out. Proceed, with fingers crossed.

! Missing \endgroup inserted.
<inserted text> 
                \endgroup 
l.201 
      
I've inserted something that you may have forgotten.
(See the <inserted text> above.)
With luck, this will get me unwedged. But if you
really didn't forget anything, try typing `2' now; then
my insertion and my current dilemma will both disappear.

! Display math should end with $$.
<to be read again> 
                   \par 
l.201 
      
The `$' that I just saw supposedly matches a previous `$$'.
So I shall assume that you typed `$$' both times.


Underfull \hbox (badness 10000) in paragraph at lines 202--204
[][]
 []

! Undefined control sequence.
l.204 ...+  {\mathcal{P}_m \lambda_{m}(t) \over \R
                                                  _{m,n}(t) + {\mathcal{P}^{...
The control sequence at the end of the top line
of your error message was never \def'ed. If you have
misspelled it (e.g., `\hobx'), type `I' and the correct
spelling (e.g., `I\hbox'). Otherwise just continue,
and I'll forget about whatever was undefined.

! Missing } inserted.
<inserted text> 
                }
l.204 ...mathcal{B}_n(t)  f_n^{\text{E}} } \bigg)$
                                                  $
I've inserted something that you may have forgotten.
(See the <inserted text> above.)
With luck, this will get me unwedged. But if you
really didn't forget anything, try typing `2' now; then
my insertion and my current dilemma will both disappear.


Overfull \hbox (626.35562pt too wide) detected at line 204
\OML/cmm/m/it/12 x[]\OT1/cmr/m/n/12 (\OML/cmm/m/it/12 t\OT1/cmr/m/n/12 )[][][] 
+ ([] \OMS/cmsy/m/n/12 ^^@ \OML/cmm/m/it/12 x[]\OT1/cmr/m/n/12 (\OML/cmm/m/it/1
2 t\OT1/cmr/m/n/12 ))[][] + []
 []


Overfull \hbox (26.49998pt too wide) detected at line 227
[]
 []

[53]
Overfull \hbox (26.30542pt too wide) detected at line 231
[]
 []

[54]
فصل 5.
[55

]
Runaway argument?
 \mathcal {S}_m(t)=\Big (\lambda _m(t), \Delta (t)_m^{\text {C}}(t), \ETC.
! Paragraph ended before \alignat was complete.
<to be read again> 
                   \par 
l.253 
      
I suspect you've forgotten a `}', causing me to apply this
control sequence to too much text. How can we recover?
My plan is to forget the whole thing and hope for the best.

! Missing $ inserted.
<inserted text> 
                $
l.253 
      
I've inserted a begin-math/end-math symbol since I think
you left one out. Proceed, with fingers crossed.

! Missing \endgroup inserted.
<inserted text> 
                \endgroup 
l.253 
      
I've inserted something that you may have forgotten.
(See the <inserted text> above.)
With luck, this will get me unwedged. But if you
really didn't forget anything, try typing `2' now; then
my insertion and my current dilemma will both disappear.

! Display math should end with $$.
<to be read again> 
                   \par 
l.253 
      
The `$' that I just saw supposedly matches a previous `$$'.
So I shall assume that you typed `$$' both times.

LaTeX Font Info:    Font shape `TU/XBNiloofar(0)/b/it' will be
(Font)              scaled to size 13.07996pt on input line 255.
[56]

LaTeX Font Warning: Command \small invalid in math mode on input line 270.


LaTeX Font Warning: Command \small invalid in math mode on input line 272.

LaTeX Font Info:    Font shape `TU/XBNiloofar(0)/m/sl' in size <12> not availab
le
(Font)              Font shape `TU/XBNiloofar(0)/m/it' tried instead on input l
ine 294.
LaTeX Font Info:    Font shape `TU/XBNiloofar(0)/m/it' will be
(Font)              scaled to size 13.07996pt on input line 294.
[57] [58] [59]
File: figs/lstm1.png Graphic file (type bmp)
<figs/lstm1.png>
 [60]
File: figs/lstm2.png Graphic file (type bmp)
<figs/lstm2.png>
 [61] [62]
File: figs/D.pdf Graphic file (type pdf)
<use figs/D.pdf>
 [63] [64] [65]
File: figs/all1.png Graphic file (type bmp)
<figs/all1.png>
File: figs/formol.pdf Graphic file (type pdf)
<use figs/formol.pdf>
 [66]
! Extra }, or forgotten $.
l.480 ...ی دستگاه $m$, $\Tilde{\mathcal{T}}_{m,t}}
                                                   \subset \mathcal{T}$ را ب...
I've deleted a group-closing symbol because it seems to be
spurious, as in `$x}$'. But perhaps the } is legitimate and
you forgot something else, as in `\hbox{$x}'. In such cases
the way to recover is to insert both the forgotten and the
deleted material, e.g., by typing `I$}'.

! Extra }, or forgotten $.
l.480 ...نی $t^{'}  \in \Tilde{\mathcal{T}}_{m,t}}
                                                  $ پردازش‌شده یا در دوره زم...
I've deleted a group-closing symbol because it seems to be
spurious, as in `$x}$'. But perhaps the } is legitimate and
you forgot something else, as in `\hbox{$x}'. In such cases
the way to recover is to insert both the forgotten and the
deleted material, e.g., by typing `I$}'.

! Extra }, or forgotten $.
l.480 ...ه‌است. مجموعه $\Tilde{\mathcal{T}}_{m,t}}
                                                  $ در زیر تعریف شده‌است.
I've deleted a group-closing symbol because it seems to be
spurious, as in `$x}$'. But perhaps the } is legitimate and
you forgot something else, as in `\hbox{$x}'. In such cases
the way to recover is to insert both the forgotten and the
deleted material, e.g., by typing `I$}'.

! Extra }, or forgotten $.
l.482 $\Tilde{\mathcal{T}}_{m,t}}
                                  = \Bigg\{ t^{'} \bigg| \ \ t^{'} = 1,2, \l...
I've deleted a group-closing symbol because it seems to be
spurious, as in `$x}$'. But perhaps the } is legitimate and
you forgot something else, as in `\hbox{$x}'. In such cases
the way to recover is to insert both the forgotten and the
deleted material, e.g., by typing `I$}'.

! Extra }, or forgotten $.
l.488 ...طورخاص مجموعه $\Tilde{\mathcal{T}}_{m,t}}
                                                  $ شامل دوره‌های زمانی $t^{...
I've deleted a group-closing symbol because it seems to be
spurious, as in `$x}$'. But perhaps the } is legitimate and
you forgot something else, as in `\hbox{$x}'. In such cases
the way to recover is to insert both the forgotten and the
deleted material, e.g., by typing `I$}'.

! Extra }, or forgotten $.
l.488 ...}), t^{'} \in \Tilde{\mathcal{T}}_{m,t}}}
                                                  $ را مشاهده می‌کند. سپس دس...
I've deleted a group-closing symbol because it seems to be
spurious, as in `$x}$'. But perhaps the } is legitimate and
you forgot something else, as in `\hbox{$x}'. In such cases
the way to recover is to insert both the forgotten and the
deleted material, e.g., by typing `I$}'.

! Extra }, or forgotten $.
l.488 ...انی $t^{'} \in \Tilde{\mathcal{T}}_{m,t}}
                                                  $، مشاهده خود را به گره لب...
I've deleted a group-closing symbol because it seems to be
spurious, as in `$x}$'. But perhaps the } is legitimate and
you forgot something else, as in `\hbox{$x}'. In such cases
the way to recover is to insert both the forgotten and the
deleted material, e.g., by typing `I$}'.

[67]
File: figs/all2.png Graphic file (type bmp)
<figs/all2.png>
 [68]
Overfull \hbox (25.43814pt too wide) in paragraph at lines 545--547
[][]\TU/XBNiloofar(0)/m/n/12 برای هر به‌روزرسانی $\OML/cmm/m/it/12 Replace[]Thr
eshold$\TU/XBNiloofar(0)/m/n/12 ، شبکه $\OML/cmm/m/it/12 Target[]Net[]$ \TU/XBN
iloofar(0)/m/n/12 با کپی‌برداری از شبکه $\OML/cmm/m/it/12 Eval[]Net[]$[]
 []

[69]
فصل 6.
Missing character: There is no ‌ ("200C) in font cmr12!
[70

]
Missing character: There is no ‌ ("200C) in font cmr8!

! Undefined control sequence.
l.590 $0.2 W$ &  $\mathcal{P}^{\tetx
                                    {T}}$ \\  \خط‌پر
The control sequence at the end of the top line
of your error message was never \def'ed. If you have
misspelled it (e.g., `\hobx'), type `I' and the correct
spelling (e.g., `I\hbox'). Otherwise just continue,
and I'll forget about whatever was undefined.


Overfull \hbox (40.59279pt too wide) in paragraph at lines 571--596
 [][][][] 
 []

[71]

LaTeX Font Warning: Command \small invalid in math mode on input line 625.


LaTeX Font Warning: Command \small invalid in math mode on input line 627.

[72]

LaTeX Font Warning: Command \small invalid in math mode on input line 629.


Overfull \hbox (1.13292pt too wide) in paragraph at lines 629--631
[][]$[]$ \TU/XBNiloofar(0)/m/n/12 روش بارسپاری وظیفه ارایه‌شده در [[]]، نسخه‌ای
[]
 []


LaTeX Font Warning: Command \small invalid in math mode on input line 634.

[73]
File: figs/cost_main_4.pdf Graphic file (type pdf)
<use figs/cost_main_4.pdf>
Missing character: There is no ‌ ("200C) in font cmr8!
 [74]
File: figs/cost_main_6.pdf Graphic file (type pdf)
<use figs/cost_main_6.pdf>
 [75]
File: figs/drrop.pdf Graphic file (type pdf)
<use figs/drrop.pdf>
Missing character: There is no ‌ ("200C) in font cmr12!
Missing character: There is no ‌ ("200C) in font cmr12!
 [76]
File: figs/delay.pdf Graphic file (type pdf)
<use figs/delay.pdf>
 [77] [78]
File: figs/energy.pdf Graphic file (type pdf)
<use figs/energy.pdf>
Missing character: There is no ‌ ("200C) in font cmr12!
Missing character: There is no ‌ ("200C) in font cmr12!
 [79]
Missing character: There is no ‌ ("200C) in font cmr12!
Missing character: There is no ‌ ("200C) in font cmr12!
 [80]
فصل 7.
[81

] [82]) [83] (./bibs/bibs.tex (./thesis.bbl [84



] [85] [86] [87]) [88])
*geometry* verbose mode - [ newgeometry ] result:
* driver: xetex
* paper: a4paper
* layout: <same size as paper>
* layoutoffset:(h,v)=(0.0pt,0.0pt)
* modes: 
* h-part:(L,W,R)=(56.9055pt, 469.47049pt, 71.13188pt)
* v-part:(T,H,B)=(101.40665pt, 591.5302pt, 152.11pt)
* \paperwidth=597.50787pt
* \paperheight=845.04684pt
* \textwidth=469.47049pt
* \textheight=591.5302pt
* \oddsidemargin=-15.36449pt
* \evensidemargin=-15.36449pt
* \topmargin=-15.73714pt
* \headheight=25.0pt
* \headsep=19.8738pt
* \topskip=12.0pt
* \footskip=30.0pt
* \marginparwidth=38.0pt
* \marginparsep=7.0pt
* \columnsep=10.0pt
* \skip\footins=10.8pt plus 4.0pt minus 2.0pt
* \hoffset=0.0pt
* \voffset=0.0pt
* \mag=1000
* \@twocolumnfalse
* \@twosidefalse
* \@mparswitchfalse
* \@reversemarginfalse
* (1in=72.27pt=25.4mm, 1cm=28.453pt)


(./front/dictionary.tex
LaTeX Font Info:    Font shape `TU/XBNiloofar(0)/b/n' will be
(Font)              scaled to size 11.93546pt on input line 8.
LaTeX Font Info:    Font shape `TU/XBNiloofar(1)/m/n' will be
(Font)              scaled to size 11.93546pt on input line 8.
LaTeX Font Info:    Font shape `TU/XBNiloofar(1)/bx/n' in size <10.95> not avai
lable
(Font)              Font shape `TU/XBNiloofar(1)/b/n' tried instead on input li
ne 8.
LaTeX Font Info:    Font shape `TU/XBNiloofar(1)/b/n' will be
(Font)              scaled to size 11.93546pt on input line 8.
LaTeX Font Info:    Font shape `TU/XBNiloofar(1)/m/it' will be
(Font)              scaled to size 11.93546pt on input line 8.

Overfull \hbox (18.0pt too wide) in paragraph at lines 8--18
[][]$[]$[]
 []


Underfull \hbox (badness 10000) in paragraph at lines 8--18
[][]
 []


Overfull \hbox (18.0pt too wide) in paragraph at lines 20--35
[][]$[]$[]
 []


Underfull \hbox (badness 10000) in paragraph at lines 20--35
[][]
 []


Overfull \hbox (18.0pt too wide) in paragraph at lines 37--44
[][]$[]$[]
 []


Underfull \hbox (badness 10000) in paragraph at lines 37--44
[][]
 []


Overfull \hbox (18.0pt too wide) in paragraph at lines 46--58
[][]$[]$[]
 []


Underfull \hbox (badness 10000) in paragraph at lines 46--58
[][]
 []

[89


]
Overfull \hbox (18.0pt too wide) in paragraph at lines 61--65
[][]$[]$[]
 []


Underfull \hbox (badness 10000) in paragraph at lines 61--65
[][]
 []


Overfull \hbox (18.0pt too wide) in paragraph at lines 66--73
[][]$[]$[]
 []


Underfull \hbox (badness 10000) in paragraph at lines 66--73
[][]
 []


Overfull \hbox (18.0pt too wide) in paragraph at lines 76--79
[][]$[]$[]
 []


Underfull \hbox (badness 10000) in paragraph at lines 76--79
[][]
 []


Overfull \hbox (18.0pt too wide) in paragraph at lines 81--84
[][]$[]$[]
 []


Underfull \hbox (badness 10000) in paragraph at lines 81--84
[][]
 []


Overfull \hbox (18.0pt too wide) in paragraph at lines 85--87
[][]$[]$[]
 []


Underfull \hbox (badness 10000) in paragraph at lines 85--87
[][]
 []


Overfull \hbox (18.0pt too wide) in paragraph at lines 89--91
[][]$[]$[]
 []


Underfull \hbox (badness 10000) in paragraph at lines 89--91
[][]
 []


Overfull \hbox (18.0pt too wide) in paragraph at lines 93--98
[][]$[]$[]
 []


Underfull \hbox (badness 10000) in paragraph at lines 93--98
[][]
 []


Overfull \hbox (18.0pt too wide) in paragraph at lines 100--103
[][]$[]$[]
 []


Underfull \hbox (badness 10000) in paragraph at lines 100--103
[][]
 []

[90]
Overfull \hbox (18.0pt too wide) in paragraph at lines 105--109
[][]$[]$[]
 []


Underfull \hbox (badness 10000) in paragraph at lines 105--109
[][]
 []


Overfull \hbox (18.0pt too wide) in paragraph at lines 111--115
[][]$[]$[]
 []


Underfull \hbox (badness 10000) in paragraph at lines 111--115
[][]
 []


Overfull \hbox (18.0pt too wide) in paragraph at lines 116--118
[][]$[]$[]
 []


Underfull \hbox (badness 10000) in paragraph at lines 116--118
[][]
 []


Overfull \hbox (18.0pt too wide) in paragraph at lines 122--126
[][]$[]$[]
 []


Underfull \hbox (badness 10000) in paragraph at lines 122--126
[][]
 []


Overfull \hbox (18.0pt too wide) in paragraph at lines 129--138
[][]$[]$[]
 []


Underfull \hbox (badness 10000) in paragraph at lines 129--138
[][]
 []


Overfull \hbox (18.0pt too wide) in paragraph at lines 140--144
[][]$[]$[]
 []


Underfull \hbox (badness 10000) in paragraph at lines 140--144
[][]
 []


Overfull \hbox (18.0pt too wide) in paragraph at lines 146--152
[][]$[]$[]
 []


Underfull \hbox (badness 10000) in paragraph at lines 146--152
[][]
 []

[91]) (./front/abstract-eng.tex [92]) (./front/template/title-eng.tex
File: front/template/images/logo.png Graphic file (type bmp)
<front/template/images/logo.png>
)

! LaTeX Error: \begin{alignat} on input line 249 ended by \end{document}.

See the LaTeX manual or LaTeX Companion for explanation.
Type  H <return>  for immediate help.
 ...                                              
                                                  
l.98 \end{document}
                   
Your command was ignored.
Type  I <command> <return>  to replace it with another command,
or  <return>  to continue without it.

[93] (./thesis.aux (./chapters/introduction.aux) (./chapters/definitions.aux)
(./chapters/literature.aux) (./chapters/results.aux))

LaTeX Warning: There were multiply-defined labels.

Package rerunfilecheck Info: File `thesis.out' has not changed.
(rerunfilecheck)             Checksum: 7C99EE04F59A5EADCB00030EB0FE20E8;13353.
 )
(\end occurred inside a group at level 4)

### semi simple group (level 4) entered at line 249 (\begingroup)
### semi simple group (level 3) entered at line 195 (\begingroup)
### semi simple group (level 2) entered at line 97 (\begingroup)
### semi simple group (level 1) entered at line 83 (\begingroup)
### bottom level 
Here is how much of TeX's memory you used:
 24190 strings out of 476919
 452863 string characters out of 5821839
 871768 words of memory out of 5000000
 43566 multiletter control sequences out of 15000+600000
 413002 words of font info for 148 fonts, out of 8000000 for 9000
 1348 hyphenation exceptions out of 8191
 101i,15n,106p,2943b,803s stack positions out of 5000i,500n,10000p,200000b,80000s

Output written on thesis.pdf (106 pages).
